# callgrind format
version: 1
creator: callgrind-3.15.0
pid: 90523
cmd:  ./dictionary -file shakespeare.txt -size 199999 -hash 2 -quick 1 -find 2 -lower 1 -verbose 1 -ngram 2
part: 1


desc: I1 cache: 
desc: D1 cache: 
desc: LL cache: 

desc: Timerange: Basic block 0 - 350362978
desc: Trigger: Program termination

positions: line
events: Ir
summary: 1203618109


ob=(5) /home/artur/Desktop/ASK/Lista13/ask21_lista_13/dictionary
fl=(111) ???
fn=(358) __libc_csu_init
0 15
cob=(2) ???
cfi=(18) ???
cfn=(360) 0x0000000000109000
calls=1 0 
0 7
0 8
cfn=(364) 0x0000000000001380
calls=1 0 
0 12
0 11

fn=(348) _start
0 12
cob=(3) /usr/lib/x86_64-linux-gnu/libc-2.31.so
cfi=(112) /build/glibc-eX1tMB/glibc-2.31/csu/../csu/libc-start.c
cfn=(350) (below main)
calls=1 137 
0 1203473470

fn=(364)
0 12

fn=(764) 0x00000000000012d0
0 5

fn=(746) 0x0000000000001340
0 9
cob=(2)
cfi=(18)
cfn=(752) 0x0000000000109160
calls=1 0 
0 77
0 1
cfn=(764)
calls=1 0 
0 5
0 3

fl=(119) /home/artur/Desktop/ASK/Lista13/ask21_lista_13/options.c
fn=(378) add_int_option
88 21
+1 42
+1 7
+1 7
+1 14
+1 7

fn=(384) find_option
63 64
+5 24
-36 16
+35 8
+1 8
-3 8
-1 8
-33 8
+44 16
-44 108
+41 18
+1 9
-5 256
+1 64
-37 202
+1 10
+1 20
-1 39
+1 78
-2 168
+38 128
+4 110
+1 3
+3 16
+3 16
+5 72

fn=(382) parse_options
109 11
+4 2
+1 5
-3 1
+3 26
+2 40
+7 24
cfn=(384)
calls=8 -60 
* 1477
* 8
+1 8
+1 16
+4 86
+2 56
cob=(2)
cfi=(18)
cfn=(386) 0x0000000000109230
calls=7 0 
* 5468
* 14
+13 6
+1 1
+8 12

fn=(380) add_string_option
102 3
+1 6
+1 1
+1 1
+1 2
+1 1

fn=(420) show_options
196 1
+2 2
-2 7
+2 1
fi=(153) /usr/include/x86_64-linux-gnu/bits/stdio2.h
-98 2
fe=(119)
+98 32
+1 54
+2 7
fi=(153)
100 49
cob=(2)
cfi=(18)
cfn=(422) 0x0000000000109290
calls=7 0 
* 83248
* 7
fe=(119)
207 4
fi=(153)
100 6
cob=(2)
cfi=(18)
cfn=(422)
calls=1 0 
* 1095
* 1
fe=(119)
212 6

fl=(118) /home/artur/Desktop/ASK/Lista13/ask21_lista_13/dictionary.c
fn=(636) sort_words
235 9
+3 3
cob=(2)
cfi=(18)
cfn=(552) 0x0000000000109200
calls=1 0 
* 287
* 1
+3 1
+1 6
-2 1
+3 1
+2 2
+1 726078
+1 363039
+6 363039
-10 1452156
+1 726078
+1 798054
+6 481585
-9 599997
+1 1436157
+12 2
+3 1
+1 5
+1 3
-1 3
+1 1089111
-1 1089111
+2 3
+1 2
cob=(2)
cfi=(18)
cfn=(668) 0x0000000000109170
calls=1 0 
* 73
+2 9
-8 5
cob=(2)
cfi=(18)
cfn=(638) 0x00000000001091a0
calls=1 0 
* 123074241
* 1

fn=(550) word_freq
364 14
-83 1
+1 1
80 1
+1 3
cob=(2)
cfi=(18)
cfn=(552)
calls=1 -81 
* 287
* 1
+1 2
372 3860108
cfn=(616) insert_string
calls=965027 267 
* 428768537
-1 1930056
cfn=(558) get_token
calls=965028 -61 
* 633713425
* 2895084
+3 2
fi=(153)
107 14
cob=(2)
cfi=(18)
cfn=(524) 0x0000000000109240
calls=1 0 
* 4212
fe=(118)
384 8
-9 2
cfn=(636)
calls=1 235 
* 132199064
* 1
+1 3
fi=(153)
107 7
cob=(2)
cfi=(18)
cfn=(524)
calls=1 0 
* 1148
fe=(118)
378 1
-2 6

fn=(558)
310 7720224
+10 2895084
+2 1930056
+2 3
+5 1
-4 2
cfn=(560) get_word
calls=1 -36 
* 1068
* 1
+1 2
+3 6
fi=(171) /usr/include/x86_64-linux-gnu/bits/string_fortified.h
90 1
cob=(2)
cfi=(18)
cfn=(612) 0x0000000000109180
calls=1 -90 
* 30
fe=(118)
324 2
+7 1
+3 2
cfn=(560)
calls=1 -45 
* 386
* 1930054
cfn=(560)
calls=965027 -45 
* 447536922
* 965028
+1 1930056
+3 7720216
fi=(171)
90 965027
cob=(2)
cfi=(18)
cfn=(612)
calls=965027 -90 
* 29469045
fe=(118)
339 1930054
+1 96502
+2 193004
+2 193004
+14 96502
-13 193004
-3 1737050
+2 1737050
+14 868525
-13 3667104
+3 4825135
fi=(171)
90 2895081
cob=(2)
cfi=(18)
cfn=(612)
calls=965027 -90 
* 29468535
fe=(118)
-34 9752583
350 965027
+1 965027
+2 3860108
-7 3860108
+1 1930054
+1 2895081
fi=(171)
90 2895081
cob=(2)
cfi=(18)
cfn=(612)
calls=965027 -90 
* 29468535
fe=(118)
-34 9752586
350 965027
+1 965027
+2 2895081
-8 1930054
+13 965027
+1 8685252

fn=(622) find_ele_iter_r
194 6755189
+3 4643901
+1 320462
+1 961386
cob=(2)
cfi=(18)
cfn=(632) 0x0000000000109210
calls=320462 0 
* 7571698
-1 797795
+1 2393385
cob=(2)
cfi=(18)
cfn=(632)
calls=797795 0 
* 18786974
* 2236514
-2 1548807
+12 391614
cfn=(624) save_string
calls=195807 -65 
* 49272470
* 391614
cfn=(630) new_ele
calls=195807 88 
* 44081044
+1 195807
+1 195807
+2 195807
+4 6755189
-17 1805964
+1 1203976
+1 1891
+1 3782
+6 334464
cfn=(624)
calls=167232 -65 
* 41999138
* 334464
cfn=(630)
calls=167232 88 
* 37587720
* 167232
+1 167232
+1 167232
+1 167232

fn=(560)
289 1930058
+4 1930058
fi=(153)
-28 691796
cob=(2)
cfi=(18)
cfn=(564) 0x00000000001091f0
calls=172949 0 
* 32346109
fe=(118)
+32 345898
+2 172948
+1 518844
cob=(2)
cfi=(18)
cfn=(590) 0x0000000000109260
calls=172948 0 
* 57623143
+1 345896
-9 2025764
+1 3038643
cob=(2)
cfi=(18)
cfn=(590)
calls=1012881 0 
* 341648371
+1 2025762
+10 965028
+2 1930058

fn=(616)
267 6755189
+2 965027
cfn=(618) lower2
calls=965027 38 
* 87408062
+1 1930054
cfn=(620) h_xor
calls=965027 132 
* 89659118
+1 5790162
cfn=(622)
calls=965027 -77 
* 231435790
* 965027
+1 3860108

fn=(620)
132 965027
+3 3860108
-2 965027
+3 4825135
-1 3860108
+1 39624225
-1 31699380
+2 1930054
+1 1930054

fn=(618)
38 1930054
+18 13715007
-14 32459778
+1 35559488
+1 2778708
+1 965027

fn=(658) compare_ele
228 4151628
+3 16606512
+1 4151628

fn=(376) main
386 10
+1 1
+1 1
+1 1
+1 1
+1 1
+1 1
+1 1
+1 1
+1 1
+1 3
cfi=(119)
cfn=(378)
calls=1 88 
* 14
+1 3
cfi=(119)
cfn=(378)
calls=1 88 
* 14
+1 3
cfi=(119)
cfn=(378)
calls=1 88 
* 14
+1 3
cfi=(119)
cfn=(378)
calls=1 88 
* 14
+1 3
cfi=(119)
cfn=(378)
calls=1 88 
* 14
+1 3
cfi=(119)
cfn=(378)
calls=1 88 
* 14
+1 3
cfi=(119)
cfn=(378)
calls=1 88 
* 14
+1 3
cfi=(119)
cfn=(380)
calls=1 102 
* 14
+1 4
cfi=(119)
cfn=(382)
calls=1 109 
* 7261
+1 2
cfi=(119)
cfn=(420)
calls=1 196 
* 84522
fi=(153)
107 5
cob=(2)
cfi=(18)
cfn=(524)
calls=1 0 
* 872
fe=(118)
407 1
fi=(153)
107 6
cob=(2)
cfi=(18)
cfn=(524)
calls=1 0 
* 851
fe=(118)
408 1
fi=(153)
107 6
cob=(2)
cfi=(18)
cfn=(524)
calls=1 0 
* 830
fe=(118)
409 1
fi=(153)
107 6
cob=(2)
cfi=(18)
cfn=(524)
calls=1 0 
* 915
fe=(118)
410 3
+4 3
+4 3
+4 3
+1 2
cob=(2)
cfi=(18)
cfn=(528) 0x0000000000109250
calls=1 0 
* 581
* 1
+1 2
+5 15
cfn=(550)
calls=1 -65 
* 1203371988
+2 1
cob=(2)
cfi=(18)
cfn=(672) 0x00000000001091b0
calls=1 0 
* 47
* 3
fi=(153)
107 4
cob=(2)
cfi=(18)
cfn=(524)
calls=1 0 
* 3418
fe=(118)
432 2
cob=(2)
cfi=(18)
cfn=(708) 0x00000000001091c0
calls=1 0 
* 516
+1 1
+1 9

fn=(624)
144 1815195
-88 5788945
+89 363039
cob=(2)
cfi=(18)
cfn=(626) 0x0000000000109220
calls=363039 0 
* 69126381
+1 726078
fi=(171)
-56 1089117
cob=(2)
cfi=(18)
cfn=(612)
calls=363039 -90 
* 10910697
fe=(118)
+62 1452156

fn=(630)
88 726078
+1 726078
cob=(2)
cfi=(18)
cfn=(626)
calls=363039 -89 
* 69345085
* 363039
-33 6151984
+35 1089117
+1 11
+1 11
+1 11
+3 726078
+5 363039
+1 363039
+1 363039
+2 1089117
-11 363028
+1 10

ob=(3)
fl=(146) /build/glibc-eX1tMB/glibc-2.31/malloc/morecore.c
fn=(494) __default_morecore
46 156
+1 78
cfi=(147) /build/glibc-eX1tMB/glibc-2.31/misc/sbrk.c
cfn=(496) sbrk
calls=78 -15 
* 3158
+2 234
+3 156

fl=(94) /build/glibc-eX1tMB/glibc-2.31/wcsmbs/../sysdeps/x86_64/multiarch/wcslen.c
fn=(284) wcslen
29 1
fi=(203) /build/glibc-eX1tMB/glibc-2.31/wcsmbs/../sysdeps/x86_64/multiarch/ifunc-avx2.h
+3 3
-2 5
fe=(94)
-1 1

fl=(148) /build/glibc-eX1tMB/glibc-2.31/misc/../sysdeps/unix/sysv/linux/x86_64/brk.c
fn=(498) brk
28 78
+3 468
+2 156
+6 63
+1 63
-5 30
+1 30

fl=(170) /build/glibc-eX1tMB/glibc-2.31/string/../sysdeps/x86_64/multiarch/strcpy-avx2.S
fn=(614) __strcpy_avx2
50 3258121
+6 3258121
+2 3258121
+5 3258121
+2 3258121
+1 3258121
+1 3258121
+2 363294
+1 363294
+2 363294
+1 363294
+1 363294
+14 363294
+1 363294
+2 1
+1 1
+7 1
+1 1
301 2894827
+1 2894827
+1 2894827
+1 2894827
+10 2894827
+1 2894827
+31 363293
+2 363293
+2 363293
+1 363293
-3 2894827
+2 2894827
+1 2894827
-1 1
+1 1
+1 3258120
+1 3258120
+1 3236073
+1 3236073
+1 2710252
+1 2710252
+1 1256611
+1 1256611
+1 662151
+1 662151
+1 175998
+24 1
+1 1
+1 1
+1 1
+1 1
546 175998
+1 175998
+9 175998
+1 175998
+4 486153
+1 486153
+1 486153
+9 486153
+1 486153
+4 594460
+1 594460
+9 594460
+1 594460
+4 1453641
+1 1453641
+1 1453641
+1 1453641
+10 1453641
+1 1453641
+4 525821
+1 525821
+1 525821
+1 525821
+10 525821
+1 525821
+4 22047
+1 22047
+1 22047
+1 22047
+10 22047
+1 22047
+4 1
+1 1
+1 1
+1 1
+10 1
+1 1

fl=(163) /build/glibc-eX1tMB/glibc-2.31/string/strtok.c
fn=(592) strtok
32 1185829
+2 2371658
cfi=(164) /build/glibc-eX1tMB/glibc-2.31/string/strtok_r.c
cfn=(594) strtok_r
calls=1185829 +9 
* 393342369

fl=(88) /build/glibc-eX1tMB/glibc-2.31/string/../sysdeps/x86_64/multiarch/strpbrk.c
fn=(272) strpbrk
29 1
fi=(204) /build/glibc-eX1tMB/glibc-2.31/string/../sysdeps/x86_64/multiarch/ifunc-sse4_2.h
+1 5
fe=(88)
-1 1

fl=(108) /build/glibc-eX1tMB/glibc-2.31/libio/vtables.c
fn=(336) check_stdfiles_vtables
83 1
+1 4
+1 3
+1 3
+2 1

fl=(96) /build/glibc-eX1tMB/glibc-2.31/string/../sysdeps/x86_64/multiarch/stpncpy.c
fn=(288) stpncpy
31 1
fi=(205) /build/glibc-eX1tMB/glibc-2.31/string/../sysdeps/x86_64/multiarch/ifunc-strcpy.h
+5 3
-2 1
+2 1
-2 2
fe=(96)
-3 1

fl=(72) /build/glibc-eX1tMB/glibc-2.31/string/../sysdeps/x86_64/multiarch/memcmp.c
fn=(238) bcmp
29 1
fi=(73) /build/glibc-eX1tMB/glibc-2.31/string/../sysdeps/x86_64/multiarch/ifunc-memcmp.h
+3 1
+1 3
-1 2
+2 3
+1 2
fe=(72)
-6 1

fl=(138) /build/glibc-eX1tMB/glibc-2.31/malloc/malloc.c
fn=(454) malloc
3023 726082
+8 726082
-8 2904328
+8 726082
+1 1452164
1208 1452162
+2 2904324
3044 2904324
+3 1452162
+9 2178243
+2 2178243
cfn=(490) _int_malloc
calls=726081 1208 
* 102295224
* 726081
+1 5082565
+23 3630405
1210 2777172
3048 726079
+1 2178237
-16 1
+49 3
-49 1
cfi=(139) /build/glibc-eX1tMB/glibc-2.31/malloc/hooks.c
cfn=(456) malloc_hook_ini
calls=1 29 
* 74885

fn=(728) _int_free
4155 22
+10 6
+6 10
+1 4
+4 8
+8 10
-1 4
+1 4
+3 1
+6 2
+13 5
+14 2
4428 22
4295 2
+3 1
+3 3
+7 1
-4 1
+4 2
+3 2
+5 3
+3 2
+1 2
+1 2
1875 3
4327 2
+9 2
+5 2
+4 1
+9 1
-1 1
+2 2
+2 4
+2 2
+5 1
+1 1
+2 3
+1 1
+30 2
+20 3
2924 2
+4 1
-2 2
+1 1
+1 1
4209 1
4361 3

fn=(490)
1208 1452170
3513 726085
1210 726085
3513 5808680
1210 1452170
3553 63576
+24 63576
+61 726080
+2 726080
-2 726080
+2 1452160
1210 1388594
3553 1388594
1637 1388594
3577 1388594
+58 14
+62 181
+1 15
3577 63576
1210 63576
3582 63576
+2 63576
-2 1388580
+2 1388580
+5 2178240
4147 10069795
3637 2178240
+3 7986880
+77 726080
+1 726080
-1 1452160
-1 1452160
+2 1452160
-1 5
+1 5
-1 10
-1 10
+2 10
-2 2178252
+6 1452168
+73 2178252
-67 2178252
-6 2
+73 3
-67 3
3917 1452170
+2 15
+3 5
-3 5
+3 10
+68 1452170
+1 726085
+1 726085
-1 726085
+1 726085
+1 1452170
+1 2178255
+5 1452170
3697 12
4003 2178255
+3 2904324
-3 2178243
+3 2904320
-3 1452160
+3 2178237
+97 726085
+1 1452170
+2 1452170
+3 2178335
+17 240
-12 726005
-3 726005
+1 1452010
+2 726005
-1 726005
+1 726005
+2 726005
+3 726005
-5 3630025
+2 726005
1868 2178015
4141 320
cfn=(492) sysmalloc
calls=80 2255 
* 13879
* 80
+1 160
1868 240

fn=(664) munmap_chunk
2809 2
+2 2
-1 2
+1 2
-1 2
+1 2
+2 4
+4 4
+4 4
+7 2
-8 2
+9 2
-8 2
+1 2
+6 6
+1 8
+3 2
+1 6
+5 2
+1 2
-1 2
cfi=(178) /build/glibc-eX1tMB/glibc-2.31/misc/../sysdeps/unix/syscall-template.S
cfn=(666) munmap
calls=2 78 
* 12
-21 4

fn=(662) free
3087 8
+5 8
+1 8
+6 8
+5 4
-2 4
+2 8
+18 6
+2 6
+1 2
+1 2
-1 2
cfn=(728)
calls=2 4155 
* 163
-17 6
+2 8
+8 2
+8 2
-8 2
cfn=(664)
calls=2 2809 
* 78
-7 8
+2 2
+1 2
-1 2
+1 2
+1 4

fn=(486) tcache_init.part.0
2981 1
-9 1
+9 6
fi=(145) /build/glibc-eX1tMB/glibc-2.31/malloc/../sysdeps/unix/sysv/linux/x86/lowlevellock.h
47 2
fe=(138)
2982 3
cfn=(490)
calls=1 1208 
* 362
* 1
+1 2
+8 4
+7 2
+2 1
+1 2
-1 1
+1 86
+3 2

fn=(492)
2255 640
+20 160
+11 160
+1 394
fi=(140) /build/glibc-eX1tMB/glibc-2.31/malloc/arena.c
536 231
fe=(138)
2302 308
+66 77
+1 231
+1 77
+9 688
+6 231
+3 231
2705 154
+1 77
+5 154
+3 154
+2 154
+1 77
-1 77
+2 231
+1 77
+1 77
+2 77
-3 154
+1 77
+8 720
2288 9
+14 12
+6 6
+19 9
+16 3
-1 3
+1 6
+5 9
+1 15
+3 9
+1 15
+96 693
+11 63
+8 189
+2 385
cfi=(146)
cfn=(494)
calls=77 46 
* 3755
* 77
+1 77
+3 308
+3 124
+1 124
+46 433
+2 61
+6 122
-6 1
+6 124
+1 305
-65 42
+29 45
+4 30
-8 30
+1 6
+31 2
-22 135
cfi=(159) /build/glibc-eX1tMB/glibc-2.31/misc/../sysdeps/unix/sysv/linux/mmap64.c
cfn=(556) mmap
calls=15 48 
* 300
+2 45
-2 15
+2 15
+12 15
-8 15
+13 30
+2 60
+2 15
+36 15
+70 30
+29 16
-1 16
+1 48
+1 16
+11 32
+7 30
+1 45
+8 15
+2 15
+4 30
2535 4
+40 3
+22 1
+1 1
-1 1
+1 5
+2 2
+1 2
cfi=(146)
cfn=(494)
calls=1 46 
* 27
+12 2
+8 2
+1 9
2310 21
cfi=(159)
cfn=(556)
calls=3 48 
* 60
+2 6

fn=(554) calloc
3366 4
+10 2
-10 8
+10 16
+8 4
+1 4
+9 6
+2 6
+10 2
+1 6
+21 6
cfn=(490)
calls=2 1208 
* 458
* 2
+2 10
+3 6
+14 4
+6 8
+2 4
+50 14

fl=(131) /build/glibc-eX1tMB/glibc-2.31/string/../sysdeps/x86_64/multiarch/strchr-avx2.S
fn=(430) __strchrnul_avx2
44 46
+1 46
+2 46
+1 46
+1 46
+2 46
+1 46
+1 46
+4 12
+1 12
+1 12
+1 12
+1 12
+1 12
+1 12
+11 34
+1 34
+1 34
+1 34
+1 34
+1 34
+1 34
+2 34
+1 34
+1 34
+2 31
+1 31
+2 31
+7 31
+1 31
+4 3
+5 3
+1 3
+1 3
+1 3
+1 3
+1 3
+1 3
+72 15
+2 15
+7 15
+1 15

fn=(548) __strchr_avx2
44 1
+1 1
+2 1
+1 1
+1 1
+2 1
+1 1
+1 1
+21 1
+1 1
+1 1
+1 1
+1 1
+1 1
+1 1
+2 1
+1 1
+1 1
+2 1
+1 1
+4 1
+1 1
+1 1
+1 1
+2 1
+1 1

fl=(141) /build/glibc-eX1tMB/glibc-2.31/elf/dl-addr.c
fn=(462) _dl_addr
126 7
+2 1
-2 4
+5 1
-5 1
+5 2
cob=(1) /usr/lib/x86_64-linux-gnu/ld-2.31.so
cfi=(2) /build/glibc-eX1tMB/glibc-2.31/elf/rtld.c
cfn=(52) rtld_lock_default_lock_recursive
calls=1 801 
* 3
+2 2
cob=(2)
cfi=(18)
cfn=(464) 0x000000000487e510
calls=1 0 
* 870
+2 2
30 4
+4 2
+5 1
+6 1
-7 1
+2 2
+2 1
-2 1
+2 2
+3 2
+4 5
-5 4
+5 4043
+2 1010
+1 2020
-1 1
+1 2
+2 2757
+10 9296
+1 14950
+5 7065
-10 7065
+1 14130
+2 7034
+37 2
+1 1
+1 3
+3 2
+36 2
cob=(1)
cfi=(2)
cfn=(54) rtld_lock_default_unlock_recursive
calls=1 807 
* 3
+3 9
-79 2007
+52 1
+21 1
-21 2

fl=(70) /build/glibc-eX1tMB/glibc-2.31/wcsmbs/../sysdeps/x86_64/multiarch/wcscmp.c
fn=(232) wcscmp
30 1
fi=(203)
+2 3
-2 6
fe=(70)

fl=(190) /build/glibc-eX1tMB/glibc-2.31/stdlib/divrem.c
fn=(698) __mpn_divrem
46 117
+3 18
234 81
62 9
+1 9
-16 9
+18 18
+6 18
+1 9
-1 9
+1 32
+1 21
-1 21
+4 18
+3 9
+2 9
-13 1
-1 1
+1 1

fl=(69) /build/glibc-eX1tMB/glibc-2.31/wcsmbs/../sysdeps/x86_64/multiarch/wmemchr.c
fn=(230) wmemchr
31 2
fi=(203)
+1 6
-2 10
fe=(69)
+1 2

fl=(85) /build/glibc-eX1tMB/glibc-2.31/wcsmbs/../sysdeps/x86_64/multiarch/wmemset.c
fn=(266) wmemset
31 2
fi=(86) /build/glibc-eX1tMB/glibc-2.31/wcsmbs/../sysdeps/x86_64/multiarch/ifunc-wmemset.h
+1 4
-2 2
+2 6
-2 4
+5 2
-1 2
+1 2
-1 6
fe=(85)
-3 4

fl=(197) /build/glibc-eX1tMB/glibc-2.31/stdlib/cxa_thread_atexit_impl.c
fn=(740) __call_tls_dtors
145 4
+1 4
+18 4

fl=(105) /build/glibc-eX1tMB/glibc-2.31/misc/init-misc.c
fn=(328) __init_misc
30 1
+1 2
-1 4
+1 3
+2 3
cob=(2)
cfi=(18)
cfn=(330) 0x000000000487e5e0
calls=1 -33 
* 30
+4 5
+1 3
+2 4

fl=(168) /build/glibc-eX1tMB/glibc-2.31/string/../sysdeps/x86_64/multiarch/strcspn-c.c
fn=(606) __strcspn_sse42
83 965028
+1 1930056
+6 2895084
fi=(166) /usr/lib/gcc/x86_64-linux-gnu/9/include/smmintrin.h
633 1930056
fe=(168)
127 1930056
+4 1930056
-22 965028
cfi=(169) /build/glibc-eX1tMB/glibc-2.31/string/../sysdeps/x86_64/strcspn.S
cfn=(610) __strcspn_sse2
calls=965028 -81 
* 158742567

fl=(74) /build/glibc-eX1tMB/glibc-2.31/string/../sysdeps/x86_64/multiarch/strncmp.c
fn=(242) strncmp
54 1
-13 3
-2 1
+2 1
-2 2
+15 1

fl=(112)
fn=(350)
137 11
+4 1
-4 3
+4 3
+96 2
+1 3
cfi=(113) /build/glibc-eX1tMB/glibc-2.31/stdlib/cxa_atexit.c
cfn=(352) __cxa_atexit
calls=1 69 
* 68
+22 4
+3 2
+1 5
cob=(5)
cfi=(111)
cfn=(358)
calls=1 0 
* 53
+4 4
+15 2
+12 2
cfi=(115) /build/glibc-eX1tMB/glibc-2.31/setjmp/../sysdeps/x86_64/bsd-_setjmp.S
cfn=(370) _setjmp
calls=1 28 
* 34
* 1
+1 2
+5 2
+1 2
+3 2
+3 6
cob=(5)
cfi=(118)
cfn=(376)
calls=1 +78 
* 1203472040
+34 2
cfi=(196) /build/glibc-eX1tMB/glibc-2.31/stdlib/exit.c
cfn=(736) exit
calls=1 138 
* 1216

fl=(123) /build/glibc-eX1tMB/glibc-2.31/libio/strops.c
fn=(412) _IO_str_underflow
142 7
+1 28
+2 42
+6 14
+3 7
+1 7

fn=(396) _IO_str_init_static_internal
36 63
+4 14
+1 21
cob=(2)
cfi=(18)
cfn=(398) 0x000000000487e5d0
calls=7 -41 
* 131
* 14
+5 49
cfi=(122) /build/glibc-eX1tMB/glibc-2.31/libio/genops.c
cfn=(402) _IO_setb
calls=7 329 
* 175
+3 7
+1 7
-1 7
+2 14
+13 7
+1 42
-4 7
-2 7
+2 7

fl=(79) /build/glibc-eX1tMB/glibc-2.31/string/../sysdeps/x86_64/multiarch/strnlen.c
fn=(252) strnlen
31 2
fi=(206) /build/glibc-eX1tMB/glibc-2.31/string/../sysdeps/x86_64/multiarch/ifunc-avx2.h
+1 6
-2 10
fe=(79)
+1 2

fl=(82) /build/glibc-eX1tMB/glibc-2.31/string/../sysdeps/x86_64/multiarch/strcpy.c
fn=(258) strcpy
29 2
fi=(205)
+7 6
-2 2
+2 2
-2 4
fe=(82)
-5 2

fl=(115)
fn=(370)
28 1
+2 1
+2 1
cfi=(116) /build/glibc-eX1tMB/glibc-2.31/setjmp/../sysdeps/x86_64/setjmp.S
cfn=(372) __sigsetjmp
calls=1 -2 
* 31

fl=(200) /build/glibc-eX1tMB/glibc-2.31/nptl/register-atfork.c
fn=(758) __unregister_atfork
79 6
+1 6
fi=(201) /build/glibc-eX1tMB/glibc-2.31/nptl/../sysdeps/unix/sysv/linux/x86/lowlevellock.h
-33 4
fe=(200)
+35 2
-14 4
+38 8
+1 4

fl=(97) /build/glibc-eX1tMB/glibc-2.31/string/../sysdeps/x86_64/multiarch/stpcpy.c
fn=(290) stpcpy
33 1
fi=(205)
+3 3
-2 1
+2 1
-2 2
fe=(97)
-1 1

fl=(169)
fn=(610)
28 965028
+2 965028
+7 965028
+1 965028
+2 965028
+1 965028
+1 965028
+1 965028
+1 31845924
+3 2895084
+7 965028
+1 965028
+1 965028
-2 4825140
+1 4825140
+1 4825140
+1 5790168
+2 5790168
+1 5790168
+1 5790168
+1 5790168
+2 5790168
+1 5790168
+1 5790168
+1 4825140
+2 4825140
+1 4825140
+1 4825140
+1 4825140
+1 4825140
+2 2895084
+12 965028
+2 965028
+1 965028
+1 965028
-4 620447
+2 620447
+1 620447
+1 620447
+2 1329798
+1 1329798
+1 1329798
+2 1131510
+1 1131510
+1 1131510
+2 880672
+1 880672
+1 880672
+2 260225
+1 260225
+1 260225
+2 260225
+7 260225
+4 260225
-14 250838
+1 250838
+2 250838
+7 250838
+4 250838
-13 198288
+2 198288
+7 198288
+4 198288
-11 255677
+7 255677
+4 255677

fl=(172) /build/glibc-eX1tMB/glibc-2.31/string/../sysdeps/x86_64/multiarch/strcmp-avx2.S
fn=(634) __strcmp_avx2
79 1118257
+13 1118257
+1 1118257
+2 1118257
+1 1118257
+1 1118257
+1 1118257
+1 1118257
+2 982039
+1 982039
+1 982039
+1 982039
+1 982039
+1 982039
+1 982039
+1 982039
+18 982039
+1 982039
+1 982039
+2 982039
+1 982039
636 266
+2 266
+1 266
+1 266
+1 266
+9 266
+1 266
+3 266
+1 266
+3 127
+4 127
+1 127
+39 136009
+1 136009
+4 136009
+11 136009
+1 136009
+1 136009
+2 136009
+1 136009
+10 136218
+1 136218
+2 90993
+1 90993
+1 90993
+1 90993
+1 90993
+1 90993
+1 90993
+15 45225
+1 45225
+1 45225
+1 45225
+1 45225
+1 45225
+1 45225
+1 45225
+1 45225
+2 209
+2 209
+13 209
+1 209
+23 209
+1 209
+31 209
+1 209
+2 209
+1 209
+1 82
+1 82
+1 82

fl=(65) /build/glibc-eX1tMB/glibc-2.31/string/../sysdeps/x86_64/multiarch/strcasecmp.c
fn=(222) strcasecmp
31 1
fi=(207) /build/glibc-eX1tMB/glibc-2.31/string/../sysdeps/x86_64/multiarch/ifunc-strcasecmp.h
+1 4
fe=(65)
-1 1

fl=(174) /build/glibc-eX1tMB/glibc-2.31/posix/../sysdeps/unix/sysv/linux/x86/sysconf.c
fn=(644) sysconf
32 20
+1 6
fi=(175) /build/glibc-eX1tMB/glibc-2.31/posix/../sysdeps/unix/sysv/linux/x86/../sysconf.c
+11 10
fe=(174)
-7 18
fi=(175)
+7 4
fi=(176) /build/glibc-eX1tMB/glibc-2.31/posix/../sysdeps/posix/sysconf.c
+10 12
215 1
cfi=(179) /build/glibc-eX1tMB/glibc-2.31/misc/../sysdeps/unix/sysv/linux/getpagesize.c
cfn=(654) getpagesize
calls=1 27 
* 6
* 2
634 1
cfi=(177) /build/glibc-eX1tMB/glibc-2.31/misc/../sysdeps/unix/sysv/linux/getsysstats.c
cfn=(650) get_phys_pages
calls=1 319 
* 88
* 1
fe=(174)

fl=(188) /build/glibc-eX1tMB/glibc-2.31/nptl/alloca_cutoff.c
fn=(692) __libc_alloca_cutoff
27 1
+1 9
+7 1

fl=(152) /build/glibc-eX1tMB/glibc-2.31/io/../sysdeps/unix/sysv/linux/write.c
fn=(518) write
25 15
+1 105
+1 15

fl=(160) /build/glibc-eX1tMB/glibc-2.31/libio/iofgets.c
fn=(566) fgets
32 172949
+5 345898
-5 1210643
+7 518847
+8 2940133
+4 172949
+1 172949
+1 345898
-1 172949
+1 691796
-2 172949
+2 172949
cfi=(161) /build/glibc-eX1tMB/glibc-2.31/libio/iogetline.c
cfn=(568) _IO_getline
calls=172949 -20 
* 19547889
+3 172949
+1 172949
-1 345898
+7 2
fi=(151) /build/glibc-eX1tMB/glibc-2.31/libio/libioP.h
884 2
+1 1729490
fe=(160)
66 1210643
-10 345896
+4 172948
+1 172948
-1 172948
+3 345896
fi=(151)
884 518844
fe=(160)

fl=(165) /build/glibc-eX1tMB/glibc-2.31/string/../sysdeps/x86_64/multiarch/strspn-c.c
fn=(598) __strspn_sse42
61 1102832
+1 2205664
+6 3308496
fi=(166)
633 2205664
fe=(165)
105 2205664
+4 2205664
-22 1102832
cfi=(167) /build/glibc-eX1tMB/glibc-2.31/string/../sysdeps/x86_64/strspn.S
cfn=(602) __strspn_sse2
calls=1102832 -60 
* 166839030

fl=(95) /build/glibc-eX1tMB/glibc-2.31/string/../sysdeps/x86_64/multiarch/strspn.c
fn=(286) strspn
29 1
fi=(204)
+1 5
fe=(95)
-1 1

fl=(194) /build/glibc-eX1tMB/glibc-2.31/libio/iofclose.c
fn=(710) fclose@@GLIBC_2.2.5
34 5
+14 3
fi=(151)
884 2
+1 3
fe=(194)
57 1
fi=(151)
941 3
+2 2
+1 2
fe=(194)
57 3
cfi=(134) /build/glibc-eX1tMB/glibc-2.31/libio/fileops.c
cfn=(732) _IO_file_finish@@GLIBC_2.2.5
calls=1 169 
* 29
+1 3
fi=(151)
856 4
+1 4
+6 2
cob=(2)
cfi=(18)
cfn=(660) 0x000000000487e330
calls=1 0 
* 84
fe=(194)
76 5
-27 1
cfi=(122)
cfn=(712) _IO_un_link
calls=1 +4 
* 93
+2 10
fi=(156) /build/glibc-eX1tMB/glibc-2.31/libio/../sysdeps/unix/sysv/linux/x86/lowlevellock.h
-4 2
fe=(194)
+4 4
+1 4
+1 2
cfi=(134)
cfn=(720) _IO_file_close_it@@GLIBC_2.2.5
calls=1 +76 
* 231
* 4
fi=(151)
885 6
fe=(194)
71 2

fl=(93) /build/glibc-eX1tMB/glibc-2.31/string/../sysdeps/x86_64/multiarch/memchr.c
fn=(282) memchr
29 1
fi=(206)
+3 3
-2 5
fe=(93)
-1 1

fl=(150) /build/glibc-eX1tMB/glibc-2.31/stdio-common/_itoa.c
fn=(510) _itoa_word
165 30
+3 60
+2 30
+9 618
+9 30

fl=(62) /build/glibc-eX1tMB/glibc-2.31/string/../sysdeps/x86_64/multiarch/memmove.c
fn=(216) memmove
29 2
fi=(63) /build/glibc-eX1tMB/glibc-2.31/string/../sysdeps/x86_64/multiarch/ifunc-memmove.h
+16 6
-1 4
+5 4
-1 4
+12 4
+2 10
fe=(62)

fl=(187) /build/glibc-eX1tMB/glibc-2.31/stdlib/../sysdeps/x86_64/rshift.S
fn=(690) __mpn_rshift
28 2
+1 2
+1 2
+1 2
+13 2
+1 2
+16 2
+1 2
+1 2
+1 2
+1 2
+1 2
+1 2
+5 2
+1 2
+1 2
+1 2
+1 2

fl=(130) /build/glibc-eX1tMB/glibc-2.31/stdio-common/vfprintf-internal.c
fn=(426) __vfprintf_internal
1289 240
+31 45
+8 46
+4 75
+11 45
+11 30
fi=(208) /build/glibc-eX1tMB/glibc-2.31/stdio-common/printf-parse.h
111 30
fe=(130)
1354 30
fi=(208)
111 15
cob=(2)
cfi=(18)
cfn=(428) 0x000000000487e390
calls=15 0 
* 381
fe=(130)
1369 30
fi=(208)
111 15
fe=(130)
1369 15
fi=(133) /build/glibc-eX1tMB/glibc-2.31/stdio-common/../libio/libioP.h
941 15
fe=(130)
1373 15
fi=(133)
941 30
+2 15
-2 30
+2 30
+1 30
fe=(130)
1373 90
cfi=(134)
cfn=(436) _IO_file_xsputn@@GLIBC_2.2.5
calls=15 1198 
* 936
* 60
+4 15
-4 15
+4 30
+4 120
-57 15
1687 15
1358 15
-8 15
1687 135
1423 217
-3 31
-5 31
+8 31
-11 62
-1 31
+12 31
-13 31
+13 31
-14 31
-1 93
-1 31
-1 62
-1 31
-1 31
-1 31
-1 31
+17 31
-3 31
+4 62
-92 28
1741 105
+1 45
+3 180
1369 105
+1 105
fi=(132) /build/glibc-eX1tMB/glibc-2.31/stdio-common/../sysdeps/unix/sysv/linux/x86/lowlevellock.h
47 30
fe=(130)
1370 60
1741 90
-36 31
+2 62
+8 31
fi=(208)
111 155
cob=(2)
cfi=(18)
cfn=(428)
calls=31 0 
* 742
fe=(130)
1719 62
fi=(208)
111 31
fe=(130)
1719 93
fi=(133)
943 62
+1 62
fe=(130)
1719 217
cfi=(134)
cfn=(436)
calls=31 1198 
* 5056
* 279
+2 92
-33 412
fi=(133)
943 30
+1 45
fe=(130)
1688 75
cfi=(134)
cfn=(436)
calls=15 1198 
* 77096
* 165
-1 70
cfi=(182) /build/glibc-eX1tMB/glibc-2.31/stdio-common/printf_fp.c
cfn=(678) __printf_fp
calls=1 1266 
* 2688
* 167
cfi=(150)
cfn=(510)
calls=15 165 
* 768
* 510
fi=(133)
943 30
+1 30
fe=(130)
1687 105
cfi=(134)
cfn=(436)
calls=15 1198 
* 1255
* 630
+1 30
-1 60
+1 8
-1 45
+1 75
cob=(2)
cfi=(18)
cfn=(438) 0x000000000487e460
calls=15 0 
* 298
* 15
-1 195

fl=(196)
fn=(738) __run_exit_handlers
40 11
+5 3
+11 3
fi=(114) /build/glibc-eX1tMB/glibc-2.31/stdlib/../sysdeps/unix/sysv/linux/x86/lowlevellock.h
-9 1
fe=(196)
+9 3
fi=(114)
-9 1
fe=(196)
+9 2
fi=(114)
-9 2
fe=(196)
+12 2
+2 5
+51 1
fi=(114)
-65 1
fe=(196)
+65 2
fi=(114)
-65 1
fe=(196)
+67 2
-44 6
+2 1
+1 1
-1 1
+4 4
+1 8
+29 1
+2 1
-5 1
+5 1
-2 2
+2 1
cob=(1)
cfi=(198) /build/glibc-eX1tMB/glibc-2.31/elf/dl-fini.c
cfn=(744) _dl_fini
calls=1 -78 
* 740
+1 1
+11 2
+1 2
+5 5
-61 1
+1 4
+63 2
+1 10
cfi=(122)
cfn=(790) _IO_cleanup
calls=1 863 
* 348
* 3
+2 2
cfi=(202) /build/glibc-eX1tMB/glibc-2.31/posix/../sysdeps/unix/sysv/linux/_exit.c
cfn=(808) _Exit
calls=1 27 
* 6
-86 1
cfi=(197)
cfn=(740)
calls=1 +99 
* 12
* 1

fn=(736)
138 3
+1 3
-1 1
+1 1
cfn=(738)
calls=1 -99 
* 1208

fl=(100) /build/glibc-eX1tMB/glibc-2.31/string/../sysdeps/x86_64/multiarch/strchrnul.c
fn=(296) strchrnul
31 1
fi=(206)
+1 3
-2 5
fe=(100)
+1 1

fl=(126) /build/glibc-eX1tMB/glibc-2.31/stdlib/../stdlib/strtol.c
fn=(414) __strtol_internal
97 7
+1 21
cfi=(127) /build/glibc-eX1tMB/glibc-2.31/stdlib/../stdlib/strtol_l.c
cfn=(416) ____strtol_l_internal
calls=7 226 
* 802

fl=(167)
fn=(602)
27 1102832
+2 1102832
+7 1102832
+1 1102832
+2 1102832
+1 1102832
+1 1102832
+1 1102832
+1 36393456
+3 3308496
+7 1102832
+1 1102832
+1 1102832
-2 5514160
+1 5514160
+1 5514160
+1 6616992
+2 6616992
+1 6616992
+1 6616992
+1 6616992
+2 6616992
+1 6616992
+1 6616992
+1 5514160
+2 5514160
+1 5514160
+1 5514160
+1 5514160
+1 5514160
+2 3308496
+12 1102832
+2 1102832
+1 1102832
+1 1102832
-4 3710
+2 3710
+1 3710
+1 3710
+2 330847
+1 330847
+1 330847
+2 17137
+1 17137
+1 17137
+2 4646
+1 4646
+1 4646
+2 936
+1 936
+1 936
+2 936
+2 936
+3 936
-8 12491
+1 12491
+2 12491
+2 12491
+3 12491
-7 313710
+2 313710
+2 313710
+3 313710
-5 775695
+2 775695
+3 775695

fl=(80) /build/glibc-eX1tMB/glibc-2.31/string/../sysdeps/x86_64/multiarch/strcspn.c
fn=(254) strcspn
29 1
fi=(204)
+1 5
fe=(80)
-1 1

fl=(177)
fn=(650)
319 7
+3 2
cfi=(178)
cfn=(652) sysinfo
calls=1 78 
* 6
+1 2
-27 1
cfi=(179)
cfn=(654)
calls=1 27 
* 6
* 1
+2 3
+5 2
+1 3
+2 1
+1 1
-3 2
+2 11
+1 11
-3 22
+20 7

fl=(184) /build/glibc-eX1tMB/glibc-2.31/stdlib/../sysdeps/ieee754/dbl-64/dbl2mpn.c
fn=(684) __mpn_extract_double
33 1
+4 1
-2 1
+2 2
+1 1
+9 1
-9 1
+9 1
+9 1
-18 3
+9 1
+9 2
+47 1
+4 1
-4 1
+4 1

fl=(76) /build/glibc-eX1tMB/glibc-2.31/string/../sysdeps/x86_64/multiarch/memset.c
fn=(246) memset
29 1
fi=(77) /build/glibc-eX1tMB/glibc-2.31/string/../sysdeps/x86_64/multiarch/ifunc-memset.h
+13 5
+4 2
-1 2
+12 4
+2 5
fe=(76)

fl=(134)
fn=(442) _IO_file_overflow@@GLIBC_2.2.5
732 160
+1 128
+7 189
+35 62
+3 32
+3 48
+1 48
+1 64
+4 16
+1 64
-45 2
+12 2
+9 4
+5 2
+2 1
-2 1
+2 1
-2 2
+2 1
+1 1
-3 4
+3 4
+1 1
+2 2
+13 16
-12 16
+1 16
+11 32
-12 16
cfn=(500) _IO_do_write@@GLIBC_2.2.5
calls=16 424 
* 1625
-31 2
cfi=(122)
cfn=(444) _IO_doallocbuf
calls=1 343 
* 75031
+1 6

fn=(448) _IO_file_stat
1147 4
+1 6
cfi=(137) /build/glibc-eX1tMB/glibc-2.31/io/../sysdeps/unix/sysv/linux/wordsize-64/fxstat.c
cfn=(450) _fxstat
calls=2 33 
* 22

fn=(732)
169 5
+1 2
+7 1
-1 2
+1 2
-1 1
cfi=(122)
cfn=(734) _IO_default_finish
calls=1 601 
* 16

fn=(802) _IO_file_setbuf@@GLIBC_2.2.5
382 3
+1 1
cfi=(122)
cfn=(804) _IO_default_setbuf
calls=1 +69 
* 70
* 2
+5 1
+2 2
-2 3
+3 2

fn=(500)
424 16
+2 48
+1 1
-3 240
+10 30
+7 60
fi=(151)
944 30
fe=(134)
449 60
cfn=(516) _IO_file_write@@GLIBC_2.2.5
calls=15 1174 
* 690
* 15
+1 75
+2 15
+4 15
-4 45
+1 30
+3 30
-2 15
-28 60
+1 120
+28 30

fn=(532) _IO_new_file_init_internal
107 1
+5 1
-5 2
+4 1
+3 1
cfi=(122)
cfn=(534) _IO_link_in
calls=1 -27 
* 85
+1 1
+1 2

fn=(578) _IO_file_read
1131 1291
+1 1291
+2 1291
-1 1291
+1 2582
cfi=(162) /build/glibc-eX1tMB/glibc-2.31/io/../sysdeps/unix/sysv/linux/read.c
cfn=(580) read
calls=1291 25 
* 10328

fn=(720)
129 4
+2 3
+4 2
+3 1
-3 1
-1 2
+6 1
+3 1
-3 1
cfi=(122)
cfn=(722) _IO_unsave_markers
calls=1 960 
* 10
+3 3
fi=(151)
941 3
+2 2
+1 2
fe=(134)
143 2
cfn=(724) _IO_file_close
calls=1 1165 
* 9
* 1
+3 3
+8 5
cfi=(122)
cfn=(402)
calls=1 329 
* 155
+1 1
+3 1
-3 3
+3 1
cfi=(122)
cfn=(712)
calls=1 53 
* 4
+5 1
-4 1
+1 1
+3 1
-2 1
+3 5

fn=(724)
1165 1
+3 2
cfi=(195) /build/glibc-eX1tMB/glibc-2.31/io/../sysdeps/unix/sysv/linux/close_nocancel.c
cfn=(726) __close_nocancel
calls=1 25 
* 6

fn=(540) _IO_file_open
183 2
+3 1
-3 7
+2 2
+4 1
cfi=(157) /build/glibc-eX1tMB/glibc-2.31/io/../sysdeps/unix/sysv/linux/open64.c
cfn=(542) open
calls=1 37 
* 34
* 1
+1 2
+3 2
+3 1
-4 1
+1 4
+3 2
+10 2
cfi=(122)
cfn=(534)
calls=1 87 
* 19
+1 1
+1 4

fn=(516)
1174 105
+2 90
+5 15
cfi=(152)
cfn=(518)
calls=15 25 
* 135
+1 30
+5 15
+1 15
-12 30
+2 15
+2 30
+1 30
+10 45
+3 135

fn=(436)
1198 304
+7 76
-7 304
+6 416
+7 264
+17 3
+6 65
+2 65
+2 195
-2 65
cob=(2)
cfi=(18)
cfn=(504) 0x000000000487e5a0
calls=65 0 
* 1234
+1 65
+1 65
-2 65
+4 230
+28 684
-55 65
+4 65
-4 65
+1 130
+18 1
+12 1
fi=(151)
941 3
+2 2
+1 2
fe=(134)
1244 15
fi=(151)
941 45
+2 30
+1 30
fe=(134)
1244 48
cfn=(442)
calls=16 732 
* 77055
* 32
+6 32
+1 112
+2 32
+11 48
+1 4
cfi=(122)
cfn=(502) _IO_default_xsputn
calls=1 371 
* 403
* 3
-46 1038
-2 892
+4 15
+11 45
fi=(151)
947 30
fe=(134)

fn=(572) _IO_file_underflow@@GLIBC_2.2.5
462 1291
+4 3873
-4 10328
+7 2582
+6 3873
+3 2582
+12 2580
fi=(151)
885 6455
fe=(134)
506 2582
cfi=(122)
cfn=(576) _IO_switch_to_get_mode
calls=1291 164 
* 32275
+11 1291
-5 2582
fi=(151)
943 1291
fe=(134)
512 1291
fi=(151)
943 1291
fe=(134)
512 3873
fi=(151)
944 2582
fe=(134)
517 5164
cfn=(578)
calls=1291 1131 
* 18074
+2 2582
+16 1290
-9 1290
+9 2580
+2 2580
+1 10320
-6 2
-10 4
+11 1
-11 2
+16 8
-57 3
+5 2
cfi=(122)
cfn=(444)
calls=1 343 
* 305
* 1
+4 3

fn=(538) _IO_file_fopen@@GLIBC_2.2.5
214 11
+9 2
+2 6
357 12
248 6
+33 4
cfn=(540)
calls=1 -98 
* 86
* 1
+3 2
+3 3
cfi=(158) /build/glibc-eX1tMB/glibc-2.31/string/../string/strstr.c
cfn=(544) __GI_strstr
calls=1 77 
* 62
* 1
+1 2
-40 2
-19 1
-1 1
-13 2

fn=(806) _IO_file_sync@@GLIBC_2.2.5
793 5
+5 4
+2 1
+1 2
+11 2
+4 4

fl=(181) /build/glibc-eX1tMB/glibc-2.31/time/../sysdeps/unix/sysv/linux/clock_gettime.c
fn=(676) clock_gettime@@GLIBC_2.17
31 6
+7 11
+35 4

fl=(199) /build/glibc-eX1tMB/glibc-2.31/stdlib/cxa_finalize.c
fn=(754) __cxa_finalize
30 18
+3 2
fi=(114)
+14 2
fe=(199)
-14 4
fi=(114)
+14 4
+4 2
fe=(199)
-15 6
+4 14
-4 6
+58 8
+4 12
-4 6
+12 4
+1 4
cfi=(200)
cfn=(758)
calls=2 -28 
* 34
+2 8
+1 16

fl=(91) /build/glibc-eX1tMB/glibc-2.31/string/../sysdeps/x86_64/multiarch/memrchr.c
fn=(278) memrchr
29 1
fi=(206)
+3 3
-2 5
fe=(91)
-1 1

fl=(125) /build/glibc-eX1tMB/glibc-2.31/stdio-common/vfscanf-internal.c
fn=(404) __vfscanf_internal
278 112
+10 21
+1 7
fi=(128) /build/glibc-eX1tMB/glibc-2.31/stdio-common/../include/scratch_buffer.h
78 7
fe=(125)
289 7
fi=(128)
77 14
fe=(125)
339 7
fi=(128)
77 7
fe=(125)
339 28
+6 21
+3 35
+4 7
+20 7
-20 7
+20 7
-13 14
+6 7
+2 28
+5 49
+9 7
-4 7
+4 21
569 7
284 7
-1 7
+49 7
-39 7
569 28
2428 14
282 7
2428 21
328 14
-1 21
-1 7
-1 7
-12 7
418 14
+23 14
+1 14
-61 28
3020 35
222 14
+1 7
487 7
223 7
-1 14
487 14
222 7
487 14
611 28
+5 21
+1 21
+3 7
+1 7
-1 7
+1 70
+6 42
+3 14
-3 14
+3 21
-3 14
+3 49
+1 14
+1 63
cfi=(122)
cfn=(406) _IO_sputbackc
calls=7 +3 
* 133
+4 63
345 14
3030 35
fi=(128)
85 21
fe=(125)
3034 14
+17 14
+6 84
481 7
+22 28
+21 14
+4 14
-4 14
+7 63
+86 21
1397 56
+5 7
-5 7
+5 21
+9 14
+23 21
+3 14
1732 21
+9 7
fi=(128)
113 35
fe=(125)
1741 14
fi=(128)
113 21
fe=(125)
1739 72
+57 12
260 24
+3 36
1798 48
+2 85
-68 10
+2 24
+69 14
214 7
1810 14
214 14
1811 14
+28 14
260 21
+3 21
1843 14
+17 14
+1 35
-1 21
+1 7
cfi=(126)
cfn=(414)
calls=7 97 
* 830
* 7
+6 21
+3 35
+2 21
+4 14
+23 14
1732 7
1430 14
1800 14
cfi=(122)
cfn=(408) __uflow
calls=7 299 
* 518
* 77
1437 14
632 7
1389 7
-1 7
+2 7
1812 12
+1 12
+65 14
+17 70
-15 14
+1 21

fl=(158)
fn=(544)
77 8
+5 1
-5 3
+5 2
+2 4
cob=(2)
cfi=(18)
cfn=(546) 0x000000000487e470
calls=1 -84 
* 28
* 1
+1 2
+44 1
+32 12

fl=(101) /build/glibc-eX1tMB/glibc-2.31/string/../sysdeps/x86_64/multiarch/strncase_l.c
fn=(298) strncasecmp_l
31 1
fi=(207)
+1 4
fe=(101)
-1 1

fl=(83) /build/glibc-eX1tMB/glibc-2.31/string/../sysdeps/x86_64/multiarch/memcpy.c
fn=(260) memcpy@@GLIBC_2.14
29 1
fi=(63)
+16 3
-1 2
+5 2
-1 2
+12 2
+2 5
fe=(83)

fl=(117) /build/glibc-eX1tMB/glibc-2.31/setjmp/sigjmp.c
fn=(374) __sigjmp_save
28 3
+2 2
-1 1
+5 3

fl=(137)
fn=(450)
33 8
+1 4
+1 8
+4 2

fl=(68) /build/glibc-eX1tMB/glibc-2.31/string/../sysdeps/x86_64/multiarch/rawmemchr.c
fn=(228) rawmemchr
31 1
fi=(206)
+1 3
-2 5
fe=(68)
+1 1

fl=(135) /build/glibc-eX1tMB/glibc-2.31/string/../sysdeps/x86_64/multiarch/strlen-avx2.S
fn=(440) __strlen_avx2
42 16
+13 16
+1 16
+1 16
+3 16
+1 16
+1 16
+3 10
+1 10
+1 10
+8 10
+4 1
+1 1
+1 1
+9 1
+4 6
+1 6
+1 6
+1 6
+2 6
+1 6
+1 6
+1 6
+6 6
+1 6
+1 6
+4 6
+1 6
+26 1
+1 1
+1 1
+1 1
335 10
+1 10
+1 10
+4 10
+1 10

fl=(67) /build/glibc-eX1tMB/glibc-2.31/string/../sysdeps/x86_64/multiarch/strrchr.c
fn=(226) rindex
28 1
fi=(206)
+4 3
-2 5
fe=(67)
-2 1

fl=(92) /build/glibc-eX1tMB/glibc-2.31/string/../sysdeps/x86_64/multiarch/strcasecmp_l.c
fn=(280) strcasecmp_l
31 1
fi=(207)
+1 4
fe=(92)
-1 1

fl=(155) /build/glibc-eX1tMB/glibc-2.31/libio/iofopen.c
fn=(530) fopen@@GLIBC_2.2.5
85 6
-20 1
+20 2
-20 1
cob=(2)
cfi=(18)
cfn=(452) 0x000000000487e310
calls=1 -65 
* 186
+2 3
+3 1
+2 2
-2 1
+2 5
cfi=(122)
cfn=(392) _IO_no_init
calls=1 563 
* 53
+1 1
+1 1
-1 1
+1 1
cfi=(134)
cfn=(532)
calls=1 +33 
* 94
+1 5
cfi=(134)
cfn=(538)
calls=1 214 
* 204
* 2
-38 2
+50 7

fl=(107) /build/glibc-eX1tMB/glibc-2.31/ctype/ctype-info.c
fn=(334) __ctype_init
29 1
+2 7
+2 4
+2 4
+1 1

fl=(81) /build/glibc-eX1tMB/glibc-2.31/string/../sysdeps/x86_64/multiarch/strncase.c
fn=(256) strncasecmp
31 1
fi=(207)
+1 4
fe=(81)
-1 1

fl=(129) /build/glibc-eX1tMB/glibc-2.31/debug/fprintf_chk.c
fn=(424) __fprintf_chk
25 96
+3 16
+4 8
-4 8
+4 8
+1 8
-1 8
-4 8
+4 24
+1 8
cfi=(130)
cfn=(426)
calls=8 1289 
* 84095
+4 40

fl=(149) /build/glibc-eX1tMB/glibc-2.31/string/../sysdeps/x86_64/multiarch/memmove-vec-unaligned-erms.S
fn=(506) __mempcpy_avx_unaligned_erms
212 66
+1 66
+1 66
+1 66
+17 66
+1 66
+1 1
+1 1
+3 1
+1 1
+1 1
+1 1
+2 1
+1 1
+33 65
+1 65
+2 62
+1 62
+1 51
+1 51
+1 33
+1 33
+1 29
+1 29
+1 29
+2 29
+14 3
+1 3
+1 3
+1 3
+1 3
+4 11
+1 11
+1 11
+1 11
+1 11
+3 18
+1 18
+1 18
+1 18
+1 18
+3 4
+1 4
+1 4
+1 4
+1 4

fn=(508) __memcpy_avx_unaligned_erms
225 572906
+1 572906
+6 572906
+1 572906
+1 193825
+1 193825
+3 157696
+1 157696
+1 157696
+1 157696
+2 157696
+1 157696
+3 511
+1 511
+1 511
+1 511
+11 511
+1 16563423
+2 511
+13 379081
+1 379081
+2 253356
+1 253356
+1 49455
+1 49455
+1 48120
+1 48120
+1 47882
+1 47882
+1 47882
+2 47882
+14 125725
+1 125725
+1 125725
+1 125725
+1 125725
+4 203901
+1 203901
+1 203901
+1 203901
+1 203901
+3 1335
+1 1335
+1 1335
+1 1335
+1 1335
+3 238
+1 238
+1 238
+1 238
+1 238
+4 36129
+1 36129
+5 35618
+1 35618
+1 27771
+1 27771
+2 10563
+1 10563
+1 10563
+1 10563
+1 10563
+1 10563
+1 10563
+1 10563
+1 10563
+1 10563
+1 10563
+1 10563
+1 10563
+1 10563
+1 10563
+1 10563
+1 10563
+1 10563
+3 17208
+1 17208
+1 17208
+1 17208
+1 17208
+1 17208
+1 17208
+1 17208
+1 17208
+1 17208
+3 7847
+1 7847
+2 7847
+3 7847
+1 7847
+1 7847
+1 7847
+1 7847
+2 7847
+1 7847
+3 7847
+1 7847
+2 7847
+2 7847
+2 7847
+2 7847
+3 7847
+1 7847
+4 52686
+1 52686
+1 52686
+1 52686
+1 52686
+1 52686
+1 52686
+1 52686
+1 52686
+1 52686
+1 52686
+1 52686
+1 52686
+2 7847
+1 7847
+1 7847
+1 7847
+2 7847
+1 7847
+1 7847

fl=(186) /build/glibc-eX1tMB/glibc-2.31/stdlib/cmp.c
fn=(688) __mpn_cmp
31 1
+4 2
+2 1
+1 1
+1 2
+8 5

fl=(87) /build/glibc-eX1tMB/glibc-2.31/wcsmbs/../sysdeps/x86_64/multiarch/wcscpy.c
fn=(270) wcscpy
43 1
-6 5
+6 1

fl=(179)
fn=(654)
27 2
+1 8
+2 2

fl=(191) /build/glibc-eX1tMB/glibc-2.31/stdlib/../sysdeps/x86_64/mul_1.S
fn=(700) __mpn_mul_1
31 9
+1 9
+3 9
+1 9
+1 9
+1 9
+1 9
+2 9
+1 9
+2 9
+1 9
+1 9
+1 9
+1 9
+2 9
+1 9
+1 9
+1 9
+69 9
+2 9
+3 9

fl=(64) /build/glibc-eX1tMB/glibc-2.31/string/../sysdeps/x86_64/multiarch/strncpy.c
fn=(220) strncpy
29 1
fi=(205)
+7 3
-2 1
+2 1
-2 2
fe=(64)
-5 1

fl=(84) /build/glibc-eX1tMB/glibc-2.31/wcsmbs/../sysdeps/x86_64/multiarch/wcsnlen.c
fn=(264) wcsnlen
49 1
-9 3
-2 1
+2 1
-2 2
+11 1

fl=(154) /build/glibc-eX1tMB/glibc-2.31/debug/printf_chk.c
fn=(526) __printf_chk
25 67
+7 1
-4 2
+4 2
-4 1
+5 1
-1 1
+1 1
-5 1
+4 1
+1 1
-1 1
+1 1
cfi=(130)
cfn=(426)
calls=1 1289 
* 3378
-8 18
+7 6
-4 12
+4 12
-4 6
+5 6
-1 6
+1 6
-5 6
+4 6
+1 6
-1 6
+1 6
cfi=(130)
cfn=(426)
calls=6 1289 
* 8636
+4 35

fl=(164)
fn=(594)
43 8300803
+3 2371658
+3 2371658
+7 3308496
cob=(2)
cfi=(18)
cfn=(596) 0x000000000487e3e0
calls=1102832 -56 
* 183381510
* 1102832
+1 2205664
+7 2895084
cob=(2)
cfi=(18)
cfn=(604) 0x000000000487e520
calls=965028 -64 
* 173217987
* 965028
+1 1930056
+7 965028
+1 1930056
+2 4825140
-16 220801
+1 220801
+15 1104005
-28 2025762

fl=(89) /build/glibc-eX1tMB/glibc-2.31/string/../sysdeps/x86_64/multiarch/strchr.c
fn=(274) index
49 1
-9 3
-2 1
+2 1
-2 2
+11 1

fl=(161)
fn=(568)
33 172949
+1 345898
cfn=(570) _IO_getline_info
calls=172949 +15 
* 19029042

fn=(570)
49 2421286
+2 345898
+2 518847
+2 691796
+28 174144
+2 870720
cob=(2)
cfi=(18)
cfn=(582) 0x000000000487e420
calls=174144 -85 
* 5241625
* 174144
+1 348288
+14 3732
+3 1244
-3 1244
cob=(2)
cfi=(18)
cfn=(586) 0x000000000487e4d0
calls=1244 0 
* 17953
+2 1244
-1 1244
-46 2488
+2 526305
+1 350870
+2 2582
cfi=(122)
cfn=(408)
calls=1291 299 
* 208162
+1 2582
+6 2580
+11 1242
-1 2484
-22 2580
+52 392
-18 172900
+1 172900
-2 345800
+1 172900
+1 345800
+2 172900
+2 345800
+2 864500
cob=(2)
cfi=(18)
cfn=(586)
calls=172900 -96 
* 2617671
+1 172900
+1 172900
-1 172900
+10 1383200
-44 5
+6 144
+1 144
-16 2

fl=(185) /build/glibc-eX1tMB/glibc-2.31/stdlib/../sysdeps/x86_64/lshift.S
fn=(686) __mpn_lshift
28 1
+1 1
+1 1
+2 1
+1 1
+1 1
+12 1
+1 1
+1 1
+1 1
+1 1
+1 1
+1 1
+6 1
+1 1
+1 1

fl=(157)
fn=(542)
37 2
+3 1
-3 8
+3 6
+8 10
+2 7

fl=(162)
fn=(580)
25 1291
+1 7746
+1 1291

fl=(140)
fn=(460) ptmalloc_init.part.0
289 5
+13 1
-8 1
+8 1
+6 4
fi=(138)
1795 3
+3 4
-3 2
+3 504
-3 252
+11 1
fe=(140)
313 2
fi=(138)
1807 1
+2 1
fe=(140)
313 3
cob=(2)
cfi=(18)
cfn=(480) 0x000000000487e450
calls=1 0 
* 787
+1 4
cob=(2)
cfi=(18)
cfn=(480)
calls=1 0 
* 22
+1 4
cob=(2)
cfi=(18)
cfn=(480)
calls=1 0 
* 21
+1 4
cob=(2)
cfi=(18)
cfn=(480)
calls=1 0 
* 22
+1 4
cob=(2)
cfi=(18)
cfn=(480)
calls=1 0 
* 22
+1 4
cob=(2)
cfi=(18)
cfn=(480)
calls=1 0 
* 21
+1 4
cob=(2)
cfi=(18)
cfn=(480)
calls=1 0 
* 22
+1 4
cob=(2)
cfi=(18)
cfn=(480)
calls=1 0 
* 22
+2 4
cob=(2)
cfi=(18)
cfn=(480)
calls=1 0 
* 22
+1 4
cob=(2)
cfi=(18)
cfn=(480)
calls=1 0 
* 22
+1 4
cob=(2)
cfi=(18)
cfn=(480)
calls=1 0 
* 22
+3 4
cob=(2)
cfi=(18)
cfn=(480)
calls=1 0 
* 22
+69 2
+1 2
+3 1
+1 6
-98 5
cfi=(141)
cfn=(462)
calls=1 126 
* 72325
* 2
+1 4

fl=(71) /build/glibc-eX1tMB/glibc-2.31/string/../sysdeps/x86_64/multiarch/mempcpy.c
fn=(234) mempcpy
33 1
fi=(63)
+12 3
-1 2
+5 2
-1 2
+12 2
+2 5
fe=(71)

fl=(195)
fn=(726)
25 1
+1 4
+1 1

fl=(159)
fn=(556)
48 18
+3 36
-3 72
+6 36
+5 108
+2 54
-7 36

fl=(182)
fn=(678)
1266 1
+1 1
-1 2
+1 3
cfn=(680) __printf_fp_l
calls=1 208 
* 2681

fn=(680)
208 17
+50 1
-9 1
+16 1
-7 1
+10 1
-10 4
+10 3
fi=(183) /build/glibc-eX1tMB/glibc-2.31/stdio-common/../include/../locale/localeinfo.h
+47 3
fe=(182)
-44 2
+18 2
+8 1
-71 1
-1 1
378 3
+5 2
+4 7
1260 12
387 6
cfi=(184)
cfn=(684)
calls=1 33 
* 20
* 5
+36 1
+5 1
-5 6
+1 1
+1 2
+3 13
+1 2
-1 1
+1 2
-1 1
+1 2
-1 1
+1 9
+1 1
-1 2
+1 13
+6 1
-6 2
+7 2
+17 7
+16 2
-20 1
-10 1
+10 2
+1 7
+33 3
+41 1
+1 2
-1 1
+1 3
cob=(2)
cfi=(18)
cfn=(586)
calls=1 0 
* 13
* 1
+16 3
+9 12
+2 36
-74 12
-4 12
+4 49
-4 1
+4 4
+2 3
+64 5
cob=(2)
cfi=(18)
cfn=(586)
calls=1 0 
* 13
+1 3
+1 3
+1 1
+3 1
-5 1
+1 1
+1 2
-1 1
+1 1
+5 2
+1 2
+6 2
+4 15
+6 2
822 2
+10 2
-10 1
+10 6
+2 2
+10 2
+62 3
+1 1
-1 4
+7 1
fi=(189) /build/glibc-eX1tMB/glibc-2.31/stdio-common/../sysdeps/pthread/allocalim.h
27 2
cfi=(188)
cfn=(692)
calls=1 * 
* 11
+2 3
fe=(182)
923 17
+4 1
-3 1
+3 2
+3 5
-6 5
+9 3
cfn=(696) hack_digit
calls=1 162 
* 115
* 3
cfn=(696)
calls=1 162 
* 120
* 2
-3 8
+7 6
+2 2
-4 1
+4 1
+14 1
-2 3
+1 4
+1 4
+1 2
+3 6
-1 6
+2 6
-1 6
cfn=(696)
calls=6 162 
* 715
* 6
+3 12
-7 35
428 2
954 3
+15 3
+1 4
cfn=(696)
calls=1 162 
* 107
+2 8
+2 3
-1 1
fi=(192) /build/glibc-eX1tMB/glibc-2.31/stdio-common/../sysdeps/generic/get-rounding-mode.h
94 1
+1 7
fi=(193) /build/glibc-eX1tMB/glibc-2.31/stdio-common/../include/rounding-mode.h
-43 2
fe=(182)
1088 3
+7 2
+3 3
+13 3
+46 2
+2 3
-2 4
+2 5
+2 9
+10 5
+9 1
+7 1
-7 2
+7 2
+5 3
cob=(2)
cfi=(18)
cfn=(438)
calls=1 0 
* 22
+2 2
-2 1
+2 2
+5 3
+2 1
-2 1
+2 1
+11 17
+7 12
+3 16
+3 16
-6 24
+1 27
+1 2
-2 1
+2 1
cob=(2)
cfi=(18)
cfn=(504)
calls=1 0 
* 20
* 1
-2 2
+10 6
+17 5
+3 2
+7 3
542 3
cfi=(186)
cfn=(688)
calls=1 31 
* 12
* 3
1166 3
846 1
+1 5
+3 4
+2 1
+40 1
-43 1
-1 1
+4 1
+2 2
-7 1
+5 1
+40 1
-45 1
+45 2
1246 121
cfi=(122)
cfn=(706) __overflow
calls=9 199 
* 468
* 18
-78 2
874 2
465 1
-2 1
+2 1
-3 2
+3 4
-3 2
cfi=(185)
cfn=(686)
calls=1 28 
* 16
+4 9
+1 2
+1 5
252 2
974 3
+3 1
+4 1
-4 2
634 2
804 1
1195 2
596 2
+3 7
+16 2
+2 1
-2 1
cfi=(187)
cfn=(690)
calls=1 28 
* 18
+3 2
-1 1
+1 1
-1 1
+1 3
cfi=(187)
cfn=(690)
calls=1 28 
* 18
+2 9

fn=(696)
162 36
+3 27
+2 45
+8 18
+21 27
cfi=(191)
cfn=(700)
calls=9 31 
* 189
+1 18
+1 35
+4 45
-23 63
cfi=(190)
cfn=(698)
calls=9 46 
* 410
+2 9
-2 9
+2 27
+1 9
+2 18
+1 72

fl=(78) /build/glibc-eX1tMB/glibc-2.31/wcsmbs/../sysdeps/x86_64/multiarch/wcschr.c
fn=(250) wcschr
31 2
fi=(203)
+1 6
-2 10
fe=(78)
+1 2

fl=(136) /build/glibc-eX1tMB/glibc-2.31/libio/filedoalloc.c
fn=(446) _IO_file_doallocate
78 18
+6 8
fi=(151)
941 6
+2 4
+1 4
fe=(136)
84 6
cfi=(134)
cfn=(448)
calls=2 1147 
* 32
* 4
+2 8
+11 8
+4 4
cob=(2)
cfi=(18)
cfn=(452)
calls=2 0 
* 75088
* 2
+1 4
+2 8
cfi=(122)
cfn=(402)
calls=2 329 
* 50
+1 2
+1 16
-15 1
fi=(209) /build/glibc-eX1tMB/glibc-2.31/libio/../include/sys/sysmacros.h
-44 6
fe=(136)
+44 1
-2 2
+5 2

fl=(75) /build/glibc-eX1tMB/glibc-2.31/string/../sysdeps/x86_64/multiarch/strcmp.c
fn=(244) strcmp
53 2
-12 6
-2 2
+2 2
-2 4
+14 2

fl=(98) /build/glibc-eX1tMB/glibc-2.31/wcsmbs/../sysdeps/x86_64/multiarch/wmemcmp.c
fn=(292) wmemcmp
29 1
fi=(99) /build/glibc-eX1tMB/glibc-2.31/wcsmbs/../sysdeps/x86_64/multiarch/ifunc-memcmp.h
+3 1
+1 3
-1 2
+2 3
+1 2
fe=(98)
-6 1

fl=(180) /build/glibc-eX1tMB/glibc-2.31/time/../sysdeps/unix/sysv/linux/clock.c
fn=(674) clock
25 2
+9 1
-9 3
+9 2
cfi=(181)
cfn=(676)
calls=1 -3 
* 21
* 2
+4 1
-1 1
+1 7
+1 5

fl=(90) /build/glibc-eX1tMB/glibc-2.31/string/../sysdeps/x86_64/multiarch/strlen.c
fn=(276) strlen
29 1
fi=(206)
+3 3
-2 5
fe=(90)
-1 1

fl=(139)
fn=(456)
29 2
fi=(140)
291 1
fe=(139)
29 3
+1 2
fi=(140)
291 3
cfn=(460)
calls=1 -2 
* 74203
* 1
fi=(138)
3032 2
1208 2
+2 4
3044 4
+12 3
+2 3
cfn=(490)
calls=1 1208 
* 145
* 1
+1 7
fe=(139)
33 5
fi=(138)
1210 4
2978 4
cfn=(486)
calls=1 +3 
* 476
+69 2
+1 5
+1 3
fe=(139)

fl=(104) /build/glibc-eX1tMB/glibc-2.31/csu/init-first.c
fn=(326) _init
52 4
+3 3
+14 1
+8 1
-10 1
+1 1
+1 1
+8 1
cfi=(105)
cfn=(328)
calls=1 -47 
* 55
+8 2
-5 1
cfi=(107)
cfn=(334)
calls=1 -51 
* 17
-18 1
-7 1
+7 4

fl=(116)
fn=(372)
30 1
+2 1
+9 1
+1 2
+1 1
+4 1
+1 1
+1 1
+1 1
+1 1
+2 2
+2 1
+1 1
+1 1
+2 2
+2 1
+5 1
+1 1
+17 1
cfi=(117)
cfn=(374)
calls=1 -56 
* 9

fl=(109) /build/glibc-eX1tMB/glibc-2.31/string/../sysdeps/x86/cacheinfo.c
fn=(338) init_cacheinfo
488 8
+14 6
758 2
+2 1
+1 1
+2 1
-3 1
+5 1
-5 1
+4 3
+4 2
+3 2
+2 1
+1 1
+2 1
-3 1
+5 1
-5 1
+4 3
+9 1
+2 8
-2 1
+3 8
500 1
+4 1
-4 1
+4 1
cfn=(340) handle_intel.constprop.0
calls=1 259 
* 446
+2 1
-2 1
+2 1
cfn=(340)
calls=1 259 
* 487
+5 1
-5 1
+5 1
cfn=(340)
calls=1 259 
* 512
* 1
+8 2
-9 1
+20 1
+5 3
+4 2
+8 6
+3 4
+6 2
-6 9
+6 6
+3 26
+14 2
+4 1
+3 1
+1 1
-4 1
+3 1
-3 1
+3 1
+6 4
-39 6
691 4
+1 5
+4 2
+59 2
564 2
+4 1
+1 1
-1 2
+1 1
+23 2
+8 2
+2 1
-2 6
+2 4
-2 1
+4 1
+23 2
-25 2
+2 6
+2 6
+3 2
+1 8
+2 4
+3 2
+5 1
+2 2
+1 1
+1 1
-2 2
+1 1
+1 1
+27 2
+1 2
+2 1
-1 1
+1 1
-24 2
+3 1
+1 2
+3 1
+2 4
+1 1
+5 2

fn=(342) intel_check_word.isra.0
132 12
-4 36
+10 24
-10 6
+10 18
+2 60
+2 15
+2 30
+8 30
+51 24
+22 12
fi=(110) /build/glibc-eX1tMB/glibc-2.31/string/../bits/stdlib-bsearch.h
28 12
-1 12
+4 24
+1 12
fe=(109)
+87 24
fi=(110)
-88 18
+1 9
fe=(109)
+87 18
+3 81
fi=(110)
-93 192
+2 120
+1 60
fe=(109)
+87 120
+15 3
255 36
fi=(110)
37 15
-8 36
fe=(109)
164 9
+3 9
-6 13
+3 4
+9 4
+23 5
-32 15
+3 15
+4 14
+2 28
+2 14
+2 10
+4 3
+2 6
+2 3
+2 3
-1 3
-1 3
+2 6
-2 3
+3 9
-2 9
+2 6
-10 6
+1 2
-15 1
+7 2
+2 4

fn=(340)
259 21
+2 3
-2 9
+5 6
+8 6
+3 6
-2 3
+2 3
-5 6
+11 15
+5 6
+2 3
+1 3
-1 3
+5 18
cfn=(342)
calls=3 132 
* 960
+2 6
+3 21
cfn=(342)
calls=3 132 
* 308
+2 6
+19 33

fl=(113)
fn=(356) __new_exitfn
82 1
+6 2
-6 4
+11 4
-10 2
+12 4
-2 1
+10 1
-10 3
+45 1
+5 1
-4 1
+4 4
-18 1
-1 1
+1 1

fn=(352)
69 6
-28 3
+2 1
fi=(114)
+4 1
fe=(113)
-4 2
fi=(114)
+4 2
fe=(113)
-3 2
cfn=(356)
calls=1 +38 
* 32
+2 2
+10 1
-3 1
+5 1
-5 2
+3 1
-1 1
+1 1
+3 4
+12 5

fl=(173) /build/glibc-eX1tMB/glibc-2.31/stdlib/msort.c
fn=(642) qsort_r
166 17
+6 2
-5 2
+8 2
+10 3
+29 6
+7 1
+1 1
-1 2
+1 1
cob=(2)
cfi=(18)
cfn=(452)
calls=1 0 
* 273
+1 1
-1 1
+1 1
+1 2
+7 2
+3 1
+1 1
+1 1
+1 1
+2 2
+45 2
+1 2
45 6
cfn=(656) msort_with_tmp.part.0
calls=1 -5 
* 123073625
299 2
cob=(2)
cfi=(18)
cfn=(660)
calls=1 0 
* 73
+1 11
187 2
cfi=(174)
cfn=(644)
calls=1 32 
* 125
+2 7
+9 1
+5 2
cfi=(174)
cfn=(644)
calls=1 32 
* 44
* 3
+84 2
+2 2
+1 2
+1 2

fn=(640) qsort
307 1
+1 2
cfn=(642)
calls=1 166 
* 123074236

fn=(656)
40 6
+8 1
-8 1
+8 1
+1 2
-9 1
+11 1
-11 1
+11 1
-11 2
+11 1
-6 4
cfn=(657) msort_with_tmp.part.0'2
calls=1 -5 
* 58455913
* 7
cfn=(657)
calls=1 -5 
* 58409067
+12 1
-1 2
+4 1
-3 1
+1 1
+1 1
-1 1
+2 5
-10 2
+33 5
cob=(5)
cfi=(118)
cfn=(658)
calls=1 228 
* 6
* 1149730
cob=(5)
cfi=(118)
cfn=(658)
calls=229946 228 
* 1379676
* 459894
+8 48428
+4 48428
-3 48428
+1 48428
-12 96856
+79 6
+1 7
-1 1
cob=(2)
cfi=(18)
cfn=(586)
calls=1 0 
* 1839593
-75 181519
+10 181519
-9 181519
+1 181519
-6 363039

fn=(657)
40 2178222
+8 363037
-8 363037
+8 363037
+1 726074
-9 363037
+11 363037
-11 363037
+11 363037
-11 726074
+11 363037
-6 988214
cfn=(657)
calls=131070 -5 
* 529212948
* 1885899
cfn=(657)
calls=231965 -5 
* 546682412
+12 231965
-1 463930
+4 231965
-3 231965
+1 231965
+1 231965
-1 231965
+2 1159825
-10 726074
+33 1815185
cob=(5)
cfi=(118)
cfn=(658)
calls=363037 228 
* 2178222
* 17793220
cob=(5)
cfi=(118)
cfn=(658)
calls=3558644 228 
* 21351864
* 7843362
+8 857782
+4 857782
-3 857782
+1 857782
-12 1751286
+78 178610
cob=(2)
cfi=(18)
cfn=(586)
calls=35722 0 
* 533956
+1 2178222
+1 2541259
-1 363037
cob=(2)
cfi=(18)
cfn=(586)
calls=363037 0 
* 21078442
56 131072
+1 131072
-1 131072
+3 131072
-2 131072
+1 131072
+2 131072
-2 131072
+2 655360
+21 262144
+4 3063899
+10 3063899
-9 3063899
+1 3063899
-6 6455113

fl=(66) /build/glibc-eX1tMB/glibc-2.31/string/../sysdeps/x86_64/multiarch/strcat.c
fn=(224) strcat
29 1
fi=(205)
+7 3
-2 1
+2 1
-2 2
fe=(66)
-5 1

fl=(124) /build/glibc-eX1tMB/glibc-2.31/string/../sysdeps/x86_64/multiarch/memchr-avx2.S
fn=(584) __memchr_avx2
40 174144
+3 174144
+1 174144
+2 174144
+2 174144
+9 174144
+3 174144
+1 174144
+1 174144
+3 90365
+1 90365
+1 90365
+3 90365
+2 52483
+1 52483
+6 52024
+1 52024
+1 52024
+4 52024
+2 52024
+1 52024
+2 50413
+4 83779
+1 83779
+1 83779
+1 83779
+2 83779
+1 83779
+1 83779
+1 27102
+3 27102
+1 27102
+2 27102
+1 27102
+1 27102
+1 27102
+8 56677
+1 56677
+3 56677
+1 56677
+3 56677
+3 56677
+1 56677
+6 105307
+1 105307
+1 105307
+1 105307
+2 41751
+1 41751
+1 41751
+1 41751
+2 110
+1 110
+1 110
+1 110
+50 3394
+1 3394
+2 1697
+1 1697
+1 1697
+1 1697
+2 653
+1 653
+1 653
+1 653
+21 1697
+1 1697
+1 1697
+1 1697
+2 1697
+1 1084
+1 1084
+2 356
+1 356
+1 356
+1 356
+1 57
+1 57
+1 57
+4 38495
+2 38495
+1 38495
+1 38495
+1 38495
+1 38495
+4 299
+2 299
+1 299
+1 299
+1 299
+1 299
+1 299
+26 1187
+2 1187
+1 1187
+5 64600
+1 64600
+1 64600
+1 64600
+4 42294
+1 42294
+1 42294
+1 42294
+1 42294
+4 110
+1 110
+1 110
+1 110
+1 110

fn=(400) __rawmemchr_avx2
40 7
+6 7
+2 7
+9 7
+3 7
+1 7
+1 7
+3 4
+1 4
+1 4
+8 4
+19 3
+1 3
+1 3
+1 3
+2 3
+1 3
+1 3
+1 3
+6 3
+1 3
+1 3
+1 3
302 4
+1 4
+1 4
+1 4

fl=(202)
fn=(808)
27 3
+4 1
+2 2

fl=(127)
fn=(416)
226 21
+54 7
-54 21
+19 7
-19 28
+26 14
+31 28
+9 42
+2 14
+5 14
-1 7
+6 14
+4 14
+10 14
+10 28
-82 14
434 35
+16 7
+10 21
-10 7
+10 7
+12 14
-5 12
+5 12
+1 36
-41 24
+2 48
+2 36
+28 36
+3 24
+11 14
+5 21
+1 7
+5 14
325 14
492 21
-2 14
+17 35
+18 56

fl=(122)
fn=(408)
299 6490
+1 3894
+5 6490
+3 2596
+2 2596
+6 2596
+7 1298
fi=(151)
941 3894
+2 2596
+1 2596
fe=(122)
323 1298
+1 1298
-1 1298
+1 2596
-1 1298
cfn=(410) _IO_default_uflow
calls=1298 +38 
* 159356
-2 3894
-21 2596

fn=(444)
343 2
+1 4
-1 6
+3 8
+1 2
fi=(151)
941 6
+2 4
+1 4
fe=(122)
347 4
cfi=(136)
cfn=(446)
calls=2 78 
* 75284
* 4
+3 8

fn=(734)
601 3
+2 3
+6 3
+3 3
54 2
624 2

fn=(790)
863 2
+3 1
-3 9
+3 1
cfn=(792) _IO_flush_all_lockp
calls=1 686 
* 114
-80 1
+80 1
-80 2
+1 6
fi=(156)
47 2
fe=(122)
787 2
+3 1
-3 2
+3 2
fi=(151)
941 2
fe=(122)
807 1
fi=(151)
941 1
fe=(122)
807 2
+31 3
-48 9
+9 9
+2 6
+6 9
fi=(156)
47 2
fe=(122)
807 2
+8 5
+9 1
fi=(151)
943 2
+1 2
fe=(122)
824 4
cfi=(134)
cfn=(802)
calls=1 382 
* 84
+2 3
+4 5
+1 12
+11 8
+1 2
+35 12
-92 4
+33 1
-2 1
+3 1
-3 1
+2 3
-12 5

fn=(392)
563 80
+1 8
cfn=(394) _IO_old_init
calls=8 -33 
* 170
+1 8
+1 16
+2 1
+4 1
+7 1
+2 1
-9 5
+15 1
+1 6
-1 7
+1 42
-2 14

fn=(402)
329 60
+1 20
-1 20
+1 22
+5 10
-3 10
+3 40
-3 20
+2 10
+4 40
-7 1
cob=(2)
cfi=(18)
cfn=(660)
calls=1 0 
* 125
* 2

fn=(406)
635 35
+3 21
+1 14
+9 7
+3 28
-10 14
+1 7
+5 7

fn=(502)
371 1
+3 2
-3 7
fi=(151)
941 1
fe=(122)
371 1
fi=(151)
941 1
fe=(122)
371 1
fi=(151)
941 1
fe=(122)
371 2
+28 23
fi=(151)
943 14
+1 14
fe=(122)
399 28
cfi=(134)
cfn=(442)
calls=7 732 
* 238
* 14
+2 7
-22 39
+25 1
-11 1
+11 7

fn=(714) __GI__IO_un_link.part.0
52 5
+6 1
-6 3
+6 2
+1 6
fi=(156)
-12 2
fe=(122)
+12 2
+2 1
-1 1
-1 1
+2 1
-2 1
+2 7
fi=(156)
-14 1
fe=(122)
+14 2
fi=(156)
-14 1
fe=(122)
+14 2
+2 2
-2 3
+2 2
+2 3
+1 1
+8 2
+2 14
+1 1
+1 8
+1 2
+3 8
-24 4

fn=(792)
686 12
+5 4
+1 6
fi=(156)
47 2
fe=(122)
692 2
+3 1
-8 1
+5 2
+3 2
fi=(151)
941 3
fe=(122)
699 2
+10 6
+2 3
-16 9
+2 3
+1 6
+3 23
+14 8
+1 3
+4 12
-29 4

fn=(706)
199 27
+2 27
+2 9
fi=(151)
941 27
+2 18
+1 18
fe=(122)
203 9
+1 18
-1 9
cfi=(134)
cfn=(442)
calls=9 732 
* 306

fn=(712)
53 2
+1 5
cfn=(714)
calls=1 -2 
* 89
+28 1

fn=(804)
452 2
fi=(151)
941 1
fe=(122)
452 2
fi=(151)
941 1
fe=(122)
452 1
fi=(151)
941 1
fe=(122)
452 4
+1 1
fi=(151)
943 2
+1 2
fe=(122)
453 2
cfi=(134)
cfn=(806)
calls=1 793 
* 18
* 2
+2 2
+7 1
-7 2
+11 1
+1 1
-1 3
+2 6
-11 1
+1 2
-1 1
330 4
+2 2
+5 1
-5 1
+5 1
-5 1
+5 1

fn=(534)
87 16
+1 6
+4 1
-2 3
+2 5
+1 6
fi=(156)
-46 2
fe=(122)
+46 2
+2 1
-1 1
-1 2
+2 7
fi=(156)
-48 1
fe=(122)
+48 2
fi=(156)
-48 1
fe=(122)
+48 2
+2 1
-2 2
+3 1
-1 1
+3 14
+1 1
+1 8
+1 2
+3 16

fn=(394)
531 8
+3 8
-2 8
+1 8
-1 8
+2 16
+16 8
-11 8
+5 8
+6 8
+5 8
-16 48
+16 16
+1 2
+2 8

fn=(410)
361 2596
fi=(151)
941 2596
fe=(122)
361 1298
fi=(151)
941 1298
fe=(122)
361 2596
+1 1298
fi=(151)
943 2596
+1 2596
fe=(122)
362 2596
cfi=(134)
cfn=(572)
calls=1291 462 
* 126833
cfi=(123)
cfn=(412)
calls=7 142 
* 105
+1 2596
+2 5160
+1 5192

fn=(576)
164 6455
+1 3873
+3 3873
+4 2582
+1 2582
+7 1291
-4 1291
+4 1291
-2 2582
+3 1291
+1 5164

fn=(722)
960 2
+2 1
-2 1
+2 1
+5 3
+2 2

fl=(178)
fn=(666)
78 10
+1 2

fn=(652)
78 5
+1 1

fl=(106) /build/glibc-eX1tMB/glibc-2.31/string/../sysdeps/x86_64/multiarch/strrchr-avx2.S
fn=(332) __strrchr_avx2
42 1
+1 1
+1 1
+2 1
+1 1
+3 1
+1 1
+1 1
+2 1
+1 1
+1 1
+1 1
+1 1
+1 1
+2 1
+1 1
+12 1
+1 1
216 1
+1 1
+1 1
+1 1
+1 1
+2 1
+1 1
+1 1
+1 1
+1 1

fl=(120) /build/glibc-eX1tMB/glibc-2.31/stdio-common/isoc99_sscanf.c
fn=(388) __isoc99_sscanf
24 91
fi=(121) /build/glibc-eX1tMB/glibc-2.31/stdio-common/../libio/strfile.h
+69 28
fe=(120)
-69 21
fi=(121)
+69 14
-1 7
+1 7
cfi=(122)
cfn=(392)
calls=7 563 
* 308
+1 7
+1 28
-1 7
+1 7
cfi=(123)
cfn=(396)
calls=7 -59 
* 572
fe=(120)
-64 21
-1 7
+1 7
-1 35
+1 7
cfi=(125)
cfn=(404)
calls=7 278 
* 4224
+4 56

fl=(147)
fn=(496)
32 234
+8 78
-8 156
+8 465
+4 156
+4 462
+5 15
+7 80
-19 2
cfi=(148)
cfn=(498)
calls=1 -13 
* 11
* 4
+15 154
cfi=(148)
cfn=(498)
calls=77 -28 
* 877
* 154
+4 310

ob=(2)
fl=(18)
fn=(92) 0x0000000004001080
0 6
cob=(1)
cfi=(19) /build/glibc-eX1tMB/glibc-2.31/elf/dl-minimal.c
cfn=(94) free
calls=3 109 
0 15

fn=(360)
0 7

fn=(386)
0 14
cob=(3)
cfi=(120)
cfn=(388)
calls=7 24 
0 5454

fn=(552)
0 4
cob=(3)
cfi=(138)
cfn=(554)
calls=2 3366 
0 570

fn=(638)
0 2
cob=(3)
cfi=(173)
cfn=(640)
calls=1 307 
0 123074239

fn=(422)
0 16
cob=(3)
cfi=(129)
cfn=(424)
calls=8 25 
0 84327

fn=(612)
0 6516242
cob=(3)
cfi=(170)
cfn=(614)
calls=3258121 50 
0 92800600

fn=(788) 0x000000000483129c
0 4

fn=(438)
0 32
cob=(3)
cfi=(135)
cfn=(440)
calls=16 42 
0 288

fn=(582)
0 348288
cob=(3)
cfi=(124)
cfn=(584)
calls=174144 40 
0 4893337

fn=(626)
0 1452156
cob=(3)
cfi=(138)
cfn=(454)
calls=726078 3023 
0 137019310

fn=(708)
0 2
cob=(3)
cfi=(194)
cfn=(710)
calls=1 34 
0 514

fn=(770) 0x000000000010a848
0 4

fn=(524)
0 14
cob=(3)
cfi=(154)
cfn=(526)
calls=7 25 
0 12232

fn=(596)
0 2205664
cob=(3)
cfi=(165)
cfn=(598)
calls=1102832 61 
0 181175846

fn=(106) 0x00000000040010f0
0 2
cob=(1)
cfi=(36) /build/glibc-eX1tMB/glibc-2.31/elf/dl-error-skeleton.c
cfn=(108) _dl_catch_error
calls=1 225 
0 2853

fn=(398)
0 14
cob=(3)
cfi=(124)
cfn=(400)
calls=7 40 
0 117

fn=(546)
0 2
cob=(3)
cfi=(131)
cfn=(548)
calls=1 44 
0 26

fn=(564)
0 345898
cob=(3)
cfi=(160)
cfn=(566)
calls=172949 32 
0 32000211

fn=(590)
0 2371658
cob=(3)
cfi=(163)
cfn=(592)
calls=1185829 32 
0 396899856

fn=(604)
0 1930056
cob=(3)
cfi=(168)
cfn=(606)
calls=965028 83 
0 171287931

fn=(672)
0 2
cob=(3)
cfi=(180)
cfn=(674)
calls=1 25 
0 45

fn=(752)
0 2
cob=(3)
cfi=(199)
cfn=(754)
calls=1 30 
0 75

fn=(778) 0x0000000004831040
0 2
cob=(3)
cfi=(199)
cfn=(754)
calls=1 30 
0 75

fn=(44) 0x00000000040010a0
0 44
cob=(1)
cfi=(19)
cfn=(46) malloc
calls=22 49 
0 596

fn=(480)
0 24
cob=(1)
cfi=(8) /build/glibc-eX1tMB/glibc-2.31/elf/dl-tunables.c
cfn=(26) __tunable_get_val
calls=11 368 
0 218
cob=(1)
cfi=(142) /build/glibc-eX1tMB/glibc-2.31/elf/../sysdeps/x86_64/dl-trampoline.h
cfn=(470) _dl_runtime_resolve_xsave
calls=1 67 
0 780
0 5

fn=(668)
0 2
cob=(3)
cfi=(138)
cfn=(662)
calls=1 3087 
0 71

fn=(330)
0 2
cob=(3)
cfi=(106)
cfn=(332)
calls=1 42 
0 28

fn=(40) 0x00000000040010c0
0 16
cob=(1)
cfi=(19)
cfn=(42) calloc
calls=8 92 
0 334

fn=(110) 0x0000000004001090
0 6
cob=(1)
cfi=(36)
cfn=(112) _dl_catch_exception
calls=3 175 
0 9459

fn=(316) 0x0000000004831000
0 7

fn=(428)
0 92
cob=(3)
cfi=(131)
cfn=(430)
calls=46 44 
0 1031

fn=(452)
0 8
cob=(3)
cfi=(138)
cfn=(454)
calls=4 3023 
0 75539

fn=(464)
0 2
cob=(1)
cfi=(142)
cfn=(470)
calls=1 67 
0 863
0 5

fn=(528)
0 2
cob=(3)
cfi=(155)
cfn=(530)
calls=1 85 
0 579

fn=(586)
0 1145812
cob=(3)
cfi=(149)
cfn=(508)
calls=572906 225 
0 24941829

fn=(504)
0 132
cob=(3)
cfi=(149)
cfn=(506)
calls=66 212 
0 1122

fn=(632)
0 2236514
cob=(3)
cfi=(172)
cfn=(634)
calls=1118257 79 
0 24122158

fn=(660)
0 6
cob=(3)
cfi=(138)
cfn=(662)
calls=3 3087 
0 276

ob=(1)
fl=(21) /build/glibc-eX1tMB/glibc-2.31/elf/../sysdeps/x86/dl-prop.h
fn=(134) _dl_process_pt_note
153 40
+4 4
+2 16
53 4
+6 2
160 1
-98 1
+5 2
+89 2
-89 2
+89 4
-89 4
+70 8
-1 2
-69 6
+3 6
+1 4
+1 4
+4 6
+4 6
+3 6
+1 4
+4 2
+1 4
+11 2
+1 8
+5 4
-13 4
+1 2
+3 6
+66 4
+16 4
+3 4
+1 32
-19 30
+6 6
-6 2
+6 4
cfi=(53) /build/glibc-eX1tMB/glibc-2.31/io/../sysdeps/unix/sysv/linux/pread64_nocancel.c
cfn=(170) __pread64_nocancel
calls=2 29 
* 14
* 4
53 4
+6 2
+3 1
+5 2
+75 10
+1 2
+1 4
+1 4
-32 4
+3 4
+4 2

fl=(26) /build/glibc-eX1tMB/glibc-2.31/posix/../sysdeps/unix/syscall-template.S
fn=(70) uname
78 5
+1 1

fl=(143) /build/glibc-eX1tMB/glibc-2.31/elf/../elf/dl-runtime.c
fn=(472) _dl_fixup
66 6
+6 4
-6 2
+3 4
+3 6
-4 2
+5 2
+2 2
-2 10
+2 2
-2 2
+2 2
+5 4
+4 4
+4 6
+4 4
+1 8
-7 8
+16 2
-1 2
+1 4
+10 20
cfi=(6) /build/glibc-eX1tMB/glibc-2.31/elf/dl-lookup.c
cfn=(208) _dl_lookup_symbol_x
calls=2 841 
* 1337
* 2
+4 10
+10 18
+7 2
+8 8
+4 6
fi=(5) /build/glibc-eX1tMB/glibc-2.31/elf/../sysdeps/x86_64/dl-machine.h
+97 2
fe=(143)
-93 6

fl=(33) /build/glibc-eX1tMB/glibc-2.31/elf/dl-debug.c
fn=(100) _dl_debug_state
73 2
+1 2

fn=(96) _dl_debug_initialize
46 4
+3 8
+5 6
+5 2
-1 1
+1 2
+1 2
-1 1
+5 1
-14 4
+4 8
+3 1
+1 5

fl=(30) /build/glibc-eX1tMB/glibc-2.31/string/../sysdeps/x86_64/multiarch/memset-vec-unaligned-erms.S
fn=(80) memset
108 13
+1 65
+6 13
+1 13
+1 6
+1 6
+2 4
+1 4
+2 4
+65 2
+1 2
+10 2
+1 2
+1 2
+1 2
+1 2
+1 2
+1 2
+1 2
+1 2
+1 2
+1 2
+1 2
+1 2
+1 2
+2 40
+1 40
+1 40
+1 40
+1 40
+1 40
+1 40
+1 2
+15 7
+1 7
+1 7
+1 6
+1 6
+1 2
+1 2
+24 1
+1 1
+2 1
+3 4
+1 4
+2 4
+3 2
+1 2
+2 2

fl=(55) /build/glibc-eX1tMB/glibc-2.31/malloc/scratch_buffer_set_array_size.c
fn=(176) __libc_scratch_buffer_set_array_size
30 2
+4 2
-4 2
+1 2
+3 2
-3 2
-1 2
+5 2
-5 4
+5 2
+11 2
-1 4
+18 8

fl=(8)
fn=(26)
368 20
+3 120
+9 20
-9 74
+9 3
+17 100
+2 20
-9 17
+1 17

fn=(14) __GI___tunables_init
287 9
-9 5
67 206
+6 67
-3 67
+3 5736
+4 134
+5 134
fi=(9) /build/glibc-eX1tMB/glibc-2.31/elf/dl-tunables.h
+37 67
fe=(8)
-37 268
fi=(9)
+38 38
-1 133
+1 38
-1 67
+1 134
fe=(8)
328 268
-12 8710
fi=(9)
119 3618
+1 1472
-1 1401
+1 1472
fe=(8)
310 6968
70 67
-3 134
362 8

fl=(49) /build/glibc-eX1tMB/glibc-2.31/io/../sysdeps/unix/sysv/linux/wordsize-64/xstat.c
fn=(158) _xstat
33 32
+1 16
+1 32
+4 1
-4 28

fl=(19)
fn=(42)
92 16
+4 8
+4 8
-1 16
+1 16
+3 8
cob=(2)
cfi=(18)
cfn=(44)
calls=8 0 
* 262

fn=(84) strsep
262 2
+3 4
+2 2
+1 4
+4 33
+7 84
-2 56
+13 1
+4 4
-22 14
+15 14
-15 30

fn=(94)
109 3
+2 12

fn=(46)
49 110
+1 88
+11 44
+3 22
-3 22
+3 128
+18 22
+1 22
+2 88
-16 4
+1 2
+2 1
+1 7
cfi=(43) /build/glibc-eX1tMB/glibc-2.31/misc/../sysdeps/unix/sysv/linux/mmap64.c
cfn=(136) mmap
calls=1 -25 
* 20
* 1
+2 2
+2 2
+2 4
-23 1
-1 1
+1 1
+1 2
-2 2

fl=(20) /build/glibc-eX1tMB/glibc-2.31/string/../sysdeps/x86_64/multiarch/memmove-vec-unaligned-erms.S
fn=(78) mempcpy
114 26
+1 26
+1 26
+1 26
+17 26
+1 26
+1 4
+1 4
+5 3
+1 3
+1 3
+1 3
+5 3
280 22
+1 22
+1 8
+1 8
+1 3
+1 3
+1 1
+4 1
+22 14
+1 14
+1 14
+1 14
+1 14
+3 5
+1 5
+1 5
+1 5
+1 5
+3 2
+1 2
+1 2
+1 2
+1 2
+10 1
+1 1
+1 1
+1 1
+2 1
+1 1
+1 1
+1 1
+1 1
+1 1
+1 1
+1 1
+1 1
+1 1
+1 1
+1 1
+1 1
+1 1
+1 1
+1 1
+2 1

fn=(48) memcpy
127 17
+1 17
+6 17
+1 17
+1 8
+1 8
+5 5
+1 5
+1 5
+1 5
+5 5
280 9
+1 9
+1 1
+1 1
+1 1
+1 1
+1 1
+1 1
+1 1
+2 1
+22 8
+1 8
+1 8
+1 8
+1 8
+24 3
+1 3
+1 3
+1 3
+2 3
+1 3
+1 3
+1 3
+1 3
+1 3
+1 3
+1 3
+1 3
+1 3
+1 3
+1 3
+1 3
+1 3
+1 3
+1 3
+2 3

fl=(35) /build/glibc-eX1tMB/glibc-2.31/string/../sysdeps/x86_64/strcspn.S
fn=(104) strcspn
28 1
+2 1
+7 1
+1 1
+2 1
+1 1
+1 1
+1 1
+1 33
+3 3
+7 1
+1 1
+1 1
+1 1
+2 1
+1 1
+1 1
+1 1
+2 1
+1 1
+1 1
+9 3
+12 1
+2 1
+1 1
+1 1
-4 16
+2 16
+1 16
+1 16
+2 16
+1 16
+1 16
+2 16
+1 16
+1 16
+2 16
+1 16
+1 16
+6 1
+7 1
+4 1

fl=(1) ???
fn=(0) 0x0000000000001100
0 2
cfi=(2)
cfn=(2) _dl_start
calls=1 463 
0 142548
0 14
cfi=(102) /build/glibc-eX1tMB/glibc-2.31/elf/dl-init.c
cfn=(312) _dl_init
calls=1 79 
0 2060
0 3
cob=(5)
cfi=(111)
cfn=(348)
calls=1 0 
0 1203473482

fl=(7) /build/glibc-eX1tMB/glibc-2.31/elf/../elf/dl-sysdep.c
fn=(12) _dl_sysdep_start
89 9
+25 1
-1 1
+1 211
+6 1
-3 1
+1 1
-4 1
+3 1
+3 8
-29 1
-1 2
+30 20
+1 108
+61 1
+1 1
-1 1
+1 1
-63 75
+34 1
-34 2
+35 1
-35 2
+46 1
-46 1
+47 1
-1 1
-46 3
+40 1
-40 1
+41 1
-1 1
-40 3
+37 1
-37 2
+38 1
-38 3
+13 1
-13 2
+14 1
-14 2
+10 1
-10 2
+11 1
-11 2
+7 1
-7 4
+4 1
-4 4
223 1
cfi=(8)
cfn=(14)
calls=1 +64 
* 31221
fi=(10) /build/glibc-eX1tMB/glibc-2.31/elf/../sysdeps/unix/sysv/linux/dl-sysdep.c
36 2
cfi=(11) /build/glibc-eX1tMB/glibc-2.31/elf/../sysdeps/unix/sysv/linux/x86_64/brk.c
cfn=(20) brk
calls=1 -8 
* 10
fi=(12) /build/glibc-eX1tMB/glibc-2.31/elf/../sysdeps/x86/cpu-features.c
322 1
-13 1
+13 1
-12 1
+1 1
+11 1
+3 6
476 3
+1 1
+3 2
+1 1
+6 1
+6 1
-5 1
+5 1
-3 1
+3 1
-4 1
+4 1
cfi=(8)
cfn=(26)
calls=1 368 
* 18
+2 4
cfi=(8)
cfn=(26)
calls=1 368 
* 20
* 1
+2 3
-2 1
+2 1
cfi=(8)
cfn=(26)
calls=1 368 
* 20
* 1
+2 3
-2 1
+2 1
cfi=(8)
cfn=(26)
calls=1 368 
* 20
* 1
+12 1
-1 1
-11 1
+12 1
+47 4
cfi=(8)
cfn=(26)
calls=1 368 
* 18
+2 4
cfi=(8)
cfn=(26)
calls=1 368 
* 18
fi=(13) /build/glibc-eX1tMB/glibc-2.31/elf/../sysdeps/unix/sysv/linux/x86/cpu-features.c
28 6
fe=(7)
234 3
+1 1
cfi=(14) /build/glibc-eX1tMB/glibc-2.31/string/../sysdeps/x86_64/multiarch/../strlen.S
cfn=(30) strlen
calls=1 41 
* 17
* 1
+2 2
cfi=(15) /build/glibc-eX1tMB/glibc-2.31/elf/../misc/sbrk.c
cfn=(32) sbrk
calls=1 32 
* 18
* 3
+12 3
+3 5
cfi=(2)
cfn=(34) dl_main
calls=1 1090 
* 109309
+1 1
+1 8
fi=(12)
515 3
+28 2
-9 3
+2 4
+1 2
+2 4
+1 2
331 6
cfn=(24) get_common_indices.constprop.0
calls=1 71 
* 99
49 4
+1 2
+1 6
+5 2
+1 6
+5 2
+1 6
336 7
+89 4
-96 1
+96 2
-99 1
+12 10
+38 2
+14 1
+10 5
+14 2
+1 1
fe=(7)

fn=(304) _dl_sysdep_start_cleanup
258 1
+1 1

fl=(12)
fn=(24)
71 2
+4 4
+3 3
+4 2
-4 1
+4 1
-4 1
+3 1
+1 1
+1 4
+1 4
+1 3
+1 2
+7 2
+1 3
+6 1
-6 4
+6 1
+1 7
+7 3
+4 2
+2 4
225 2
+4 3
+1 2
+3 1
-1 1
+4 1
+2 1
-2 1
+5 2
+50 3
118 2
+3 4
+3 2
+8 1
-5 3
+8 2
+2 2
+2 3
+4 2
+4 2
+7 3

fl=(59) /build/glibc-eX1tMB/glibc-2.31/elf/../sysdeps/x86/dl-cet.c
fn=(196) _dl_cet_check
343 1
+1 1
cfn=(198) dl_cet_check
calls=1 97 
* 29

fn=(198)
97 7
+3 1
-1 1
+4 1
-4 1
+3 1
+4 2
+1 2
-1 2
+6 1
+5 2
326 8

fl=(34) /build/glibc-eX1tMB/glibc-2.31/elf/../elf/dl-tls.c
fn=(174) _dl_next_tls_modid
48 1
+3 4
+48 1
+4 1

fn=(300) _dl_add_to_slotinfo
887 8
+6 1
+3 1
+1 1
+4 3
+41 2
+3 4
-1 1
+1 1
+2 6

fn=(98) _dl_count_modids
108 1
+5 2
+1 1
+15 2

fn=(194) _dl_allocate_tls_storage
332 2
+13 1
-13 2
+2 1
+12 2
cob=(2)
cfi=(18)
cfn=(44)
calls=1 0 
* 27
+1 3
+8 2
-69 1
+69 2
+1 1
+4 297
+19 1
-94 2
+1 2
cob=(2)
cfi=(18)
cfn=(40)
calls=1 0 
* 38
+1 2
+3 1
+6 2
+89 5

fn=(302) _dl_allocate_tls_init
437 9
+1 2
+4 1
+6 1
-6 1
+6 2
+12 1
-15 1
-1 2
+21 5
+9 3
+1 2
+6 3
+3 1
-2 1
+6 1
-6 1
+2 2
+4 1
-4 3
+3 2
+4 2
+1 4
+2 2
+1 2
+12 1
-3 1
+3 2
cfi=(20)
cfn=(78)
calls=1 114 
* 13
* 5
cfi=(30)
cfn=(80)
calls=1 108 
* 34
* 1
-42 3
+6 6
+50 2
+3 9

fn=(192) _dl_determine_tlsoffset
135 4
+6 1
-6 2
+6 2
+3 2
+36 3
+2 1
-2 1
-2 1
-40 1
-1 1
-1 2
+69 2
+3 1
-3 1
+3 1
-3 4
+2 2
+10 1
-12 1
-25 6
+2 2
+3 1
-1 1
+5 2
-5 1
+1 1
-1 1
+3 2
+2 3
+12 6
+20 1
+52 2
-1 1
-51 1
+52 2
-52 1
+52 2

fl=(40) /build/glibc-eX1tMB/glibc-2.31/io/../sysdeps/unix/sysv/linux/read_nocancel.c
fn=(126) __read_nocancel
25 2
+1 8
+1 2

fl=(37) /build/glibc-eX1tMB/glibc-2.31/setjmp/../sysdeps/x86_64/setjmp.S
fn=(114) __sigsetjmp
30 3
+2 3
+9 3
+1 6
+1 3
+4 3
+1 3
+1 3
+1 3
+1 3
+2 6
+2 3
+1 3
+1 3
+2 6
+2 3
+8 3
+3 3
+1 3
+7 3
+1 3

fl=(54) /build/glibc-eX1tMB/glibc-2.31/misc/../sysdeps/unix/syscall-template.S
fn=(308) munmap
78 5
+1 1

fn=(172) mprotect
78 25
+1 5

fl=(47) /build/glibc-eX1tMB/glibc-2.31/io/../sysdeps/unix/sysv/linux/access.c
fn=(146) access
25 1
+2 7
+4 1

fl=(2)
fn=(2)
463 10
66 3
fi=(5)
-7 1
fe=(2)
+7 1
fi=(3) /build/glibc-eX1tMB/glibc-2.31/elf/get-dynamic-info.h
-18 1
fi=(5)
+11 2
fe=(2)
507 1
-3 1
fi=(3)
48 2
+15 1
+5 1
+3 1
+1 1
+1 1
-4 1
-2 1
-3 2
-1 20
+1 12
-16 4
+26 4
-26 8
+2 36
+23 13
-25 13
+26 13
-26 27
+26 1
-26 2
+33 2
+20 4
+1 4
+1 4
+1 4
+2 4
+5 4
+1 4
+1 4
+5 3
+5 2
+7 3
+1 3
+8 3
+3 3
+4 2
+1 2
fe=(2)
518 2
+7 1
66 1
430 1
66 3
430 1
cfi=(6)
cfn=(10) _dl_setup_hash
calls=1 961 
* 24
+1 1
+18 2
-18 1
+1 2
+1 2
+1 2
+9 1
+6 1
cfi=(7)
cfn=(12)
calls=1 89 
* 141464
* 1
+2 2
+99 9
fi=(3)
65 5
+3 4
fe=(2)
523 25
fi=(4) /build/glibc-eX1tMB/glibc-2.31/elf/do-rel.h
84 1
-1 1
+28 3
+1 2
fi=(5)
541 2
fi=(4)
112 82
fi=(5)
541 82
+1 42
fi=(4)
111 42
fi=(5)
542 84
fi=(4)
111 84
+5 2
fi=(5)
421 1
fi=(4)
124 2
fi=(5)
333 18
fi=(4)
124 27
+12 9
+3 9
-3 9
fi=(5)
301 9
fi=(4)
139 9
-3 9
+1 18
fi=(5)
301 18
+8 90
+3 18
+21 45
fi=(3)
71 4
+1 3
+1 2
fi=(5)
353 18
+1 9
fe=(2)

fn=(52)
801 5
+1 5
+1 5

fn=(34)
1090 2
+12 1
-12 10
+12 1
+4 2
-16 1
+22 1
-22 1
+16 1
+6 1
-6 1
2533 1
+7 1
1106 1
2535 1
-2 1
+7 3
1106 1
2540 1
-4 1
+4 1
+2 4
cfi=(16) /build/glibc-eX1tMB/glibc-2.31/elf/dl-environ.c
cfn=(36) _dl_next_ld_env_entry
calls=1 28 
* 85
* 4
cfi=(16)
cfn=(36)
calls=2 28 
* 356
* 9
+4 6
-2 2
+2 42
+1 19
-1 57
+9 12
2704 3
+32 3
1122 3
2631 3
+1 3
-56 2
+7 2
1330 7
cfi=(17) /build/glibc-eX1tMB/glibc-2.31/elf/dl-object.c
cfn=(38) _dl_new_object
calls=1 59 
* 231
* 1
+2 2
+1 1
+1 1
+5 2
-5 1
+1 2
+4 1
cfi=(17)
cfn=(50) _dl_add_to_namespace_list
calls=1 31 
* 35
+1 2
1099 1
1369 1
-5 1
-2 1
+4 1
+3 1
-5 1
+5 5
+56 1
1096 1
1425 1
-15 2
-22 1
+22 1
+15 3
-55 104
fi=(21)
142 3
+1 1
+1 2
+1 1
fe=(2)
1369 24
1478 7
+3 2
+2 2
+2 3
+13 3
+3 2
-2 1
+2 1
-2 2
cfi=(22) /build/glibc-eX1tMB/glibc-2.31/string/../sysdeps/x86_64/strcmp.S
cfn=(58) strcmp
calls=1 111 
* 25
* 2
+7 1
+3 1
-5 1
+3 1
+2 1
+1 2
+4 2
+2 2
fi=(3)
33 1
+9 2
+6 1
-2 1
+2 2
+15 1
+5 1
+4 1
-1 1
-2 1
-5 2
-1 24
+1 15
-16 5
+26 5
-26 10
+2 52
+23 21
-25 21
+26 21
-26 42
+33 3
+20 3
+1 4
+1 4
+1 4
+2 4
+5 4
+1 4
+1 4
+5 3
+5 2
+7 2
+1 3
+18 3
+5 2
+2 2
+2 2
+2 2
+3 3
+2 3
+1 2
+9 2
+5 2
+3 2
fe=(2)
1521 2
cfi=(6)
cfn=(10)
calls=1 961 
* 24
+3 2
fi=(23) /build/glibc-eX1tMB/glibc-2.31/elf/./setup-vdso.h
24 2
fi=(21)
+35 6
190 2
67 2
189 1
67 1
189 1
64 1
+3 1
-2 1
+2 3
+70 5
-1 1
-69 4
+3 4
+1 2
+1 2
+4 3
+4 3
+3 3
+1 2
+4 1
+1 3
+11 1
+1 4
+5 2
-12 2
-1 1
+1 2
+3 2
fe=(2)
1398 1
-9 1
+27 1
-27 1
+2 1
-3 1
+10 2
-19 2
-10 1
+10 1
-10 2
+56 8
-1 4
+1 4
-1 4
+2 8
+1 1
+3 2
+1 2
-1 6
+1 6
+1 4
+1 10
+1 1
-65 3
+5 2
-5 1
+5 1
-5 2
+1 14
+95 2
-96 1
+96 2
-96 3
fi=(24) /build/glibc-eX1tMB/glibc-2.31/elf/../sysdeps/unix/sysv/linux/dl-vdso.h
40 1
+1 2
fi=(25) /build/glibc-eX1tMB/glibc-2.31/elf/../sysdeps/unix/sysv/linux/dl-vdso-setup.h
+4 1
fe=(2)
1549 2
cfi=(10)
cfn=(68) _dl_discover_osversion
calls=1 46 
* 80
* 8
fi=(3)
65 5
fe=(2)
1461 1
-92 1
+92 1
-92 2
fi=(3)
68 4
+3 4
+1 4
fe=(2)
1554 2
cfi=(27) /build/glibc-eX1tMB/glibc-2.31/elf/dl-load.c
cfn=(72) _dl_init_paths
calls=1 681 
* 1823
+3 3
cfi=(33)
cfn=(96)
calls=1 46 
* 18
+7 1
-7 1
+2 1
+5 1
+4 1
+3 1
-3 3
+1 2
+3 1
+5 1
-7 1
+7 1
+18 2
+1 2
+5 1
-3 2
+2 1
+1 2
+5 3
+1 5
-1 2
+15 3
+1 1
-2 1
+2 3
+18 1
cfi=(34)
cfn=(98)
calls=1 108 
* 6
* 1
+8 3
+3 2
+4 3
+5 2
+1 1
cfi=(33)
cfn=(100)
calls=1 73 
* 2
+1 1
+4 3
+16 3
+2 1
+2 2
+8 2
+15 3
cfi=(47)
cfn=(146)
calls=1 25 
* 9
* 2
+76 4
66 1
1805 1
66 2
1805 1
66 1
1805 6
cfi=(48) /build/glibc-eX1tMB/glibc-2.31/elf/dl-deps.c
cfn=(148) _dl_map_object_deps
calls=1 159 
* 8113
73 1
1810 1
73 2
+9 2
1810 2
+1 5
-1 4
+1 6
-1 12
+4 3
+1 3
+1 1
+2 3
+1 4
-1 6
+1 12
+12 1
+1 1
-1 2
+1 2
+2 1
+2 3
+2 1
-4 1
+5 1
-1 2
+14 2
+1 2
+1 3
1609 2
+6 1
-6 2
+6 1
-37 6
fi=(3)
181 3
-20 2
fe=(2)
1567 4
1865 1
+1 1
-1 1
+2 4
-2 3
+2 1
cfi=(36)
cfn=(182) _dl_receive_error
calls=1 238 
* 3259
+10 1
+1 1
-1 1
+1 1
+3 2
817 1
fi=(210) /build/glibc-eX1tMB/glibc-2.31/elf/../sysdeps/unix/sysv/linux/dl-osinfo.h
64 2
fe=(2)
819 1
fi=(210)
77 1
fe=(2)
828 1
+7 1
-5 1
1886 3
2116 3
+60 1
+6 1
-10 1
+10 1
-6 1
+9 2
+8 1
fi=(21)
33 3
cfi=(59)
cfn=(196)
calls=1 343 
* 31
fe=(2)
2239 3
+3 1
66 2
2246 1
66 2
2247 16
+2 8
+5 8
+2 8
+6 4
+2 8
+1 24
cfi=(60) /build/glibc-eX1tMB/glibc-2.31/elf/dl-reloc.c
cfn=(200) _dl_relocate_object
calls=3 148 
* 83657
+4 10
+1 3
cfi=(34)
cfn=(300)
calls=1 887 
* 28
* 1
+13 4
+2 1
+7 3
cfi=(34)
cfn=(302)
calls=1 437 
* 132
+3 2
-37 1
+1 1
-3 2
73 3
+1 1
2278 1
74 1
2278 1
1829 5
2304 3
+2 2
+24 1
cfi=(7)
cfn=(304)
calls=1 258 
* 2
+4 3
+21 3
cfi=(33)
cfn=(96)
calls=1 46 
* 9
+1 1
-1 1
+2 1
cfi=(33)
cfn=(100)
calls=1 73 
* 2
+1 1
+4 1
cfi=(50) /build/glibc-eX1tMB/glibc-2.31/elf/dl-cache.c
cfn=(306) _dl_unload_cache
calls=1 348 
* 17
+5 8
2583 4
+2 2
+1 1
+46 2
+2 2
+1 1
fi=(25)
30 5
+3 1
+3 1
+3 1
fi=(24)
+16 2
fe=(2)
+11 1
2319 1
+1 3
66 3
2320 2
cfi=(60)
cfn=(200)
calls=1 148 
* 6151
73 3
+9 3
fi=(21)
+31 2
+3 1
+4 1
fe=(2)
1879 1
cfn=(190) init_tls
calls=1 699 
* 573
* 2
66 1
1690 1
66 2
1690 1
66 1
1690 2
cfn=(102) handle_preload_list
calls=1 858 
* 3223
* 1
73 3
+9 3
1789 17
+1 1
-1 1
+4 3
+1 1
+1 2
+1 2
-7 2

fn=(54)
807 5
+1 5
+1 5

fn=(102)
858 10
+5 5
-4 1
+10 2
-3 3
cfi=(35)
cfn=(104)
calls=1 28 
* 273
* 1
+1 3
+9 1
168 1
878 2
168 2
880 2
780 2
-10 1
+8 1
+2 2
-6 1
+6 1
-5 1
+1 1
+4 1
cob=(2)
cfi=(18)
cfn=(106)
calls=1 0 
* 2855
+1 3
+8 4
+74 2
+21 9
-15 4
cfi=(20)
cfn=(48)
calls=1 127 
* 27
+1 2

fn=(116) map_doit
606 2
+2 1
-2 1
+2 1
+1 2
-1 2
+1 3
cfi=(27)
cfn=(118) _dl_map_object
calls=1 1927 
* 2754
* 1
+2 2

fn=(190)
699 1
+2 1
+4 1
-4 1
+4 1
+11 1
-1 3
cob=(2)
cfi=(18)
cfn=(40)
calls=1 0 
* 38
-4 1
+15 1
-12 1
+6 1
-9 1
+11 1
+4 1
+2 3
-1 2
+3 12
+4 1
+2 1
-2 1
-5 3
-1 2
+10 2
+3 1
cfi=(34)
cfn=(192)
calls=1 135 
* 70
+7 1
cfi=(34)
cfn=(194)
calls=1 332 
* 394
* 1
+1 2
+6 1
+3 1
-3 1
+3 6
+6 1
-3 1
+3 2
-35 3
-1 7

fn=(184) version_check_doit
639 3
+2 4
cfi=(58) /build/glibc-eX1tMB/glibc-2.31/elf/dl-version.c
cfn=(186) _dl_check_all_versions
calls=1 362 
* 3231
* 2
+4 2

fl=(27)
fn=(118)
1927 30
+8 6
+1 12
+3 42
+5 49
+2 21
cfi=(38) /build/glibc-eX1tMB/glibc-2.31/elf/dl-misc.c
cfn=(120) _dl_name_match_p
calls=7 282 
* 857
* 14
+4 12
+1 18
+3 2
+1 2
+1 2
-1 2
+1 2
cfi=(22)
cfn=(58)
calls=2 111 
* 75
* 4
2238 27
1972 12
-43 2
+53 6
+36 4
-2 2
+2 2
cfi=(31) /build/glibc-eX1tMB/glibc-2.31/string/../sysdeps/x86_64/multiarch/../strchr.S
cfn=(88) index
calls=2 23 
* 48
* 4
2169 2
-1 3
cfn=(86) expand_dynamic_string_token
calls=1 378 
* 246
+2 1
-3 1
+1 1
+2 2
+4 4
cfn=(122) open_verify.constprop.1
calls=1 1466 
* 285
* 1
+3 2
+12 4
+46 1
+1 3
-1 1
+1 9
cfn=(128) _dl_map_object_from_fd
calls=1 866 
* 1851
-1 1
+1 3
-1 1
+1 9
cfn=(128)
calls=1 866 
* 2275
* 6
2022 2
cfi=(14)
cfn=(30)
calls=1 41 
* 17
* 2
+2 2
+7 4
+36 12
cfn=(154) open_path
calls=1 1779 
* 1340
+6 1
-6 1
+6 4
659 1
2074 1
659 2
2161 2
+28 4
+2 4
2035 5
+8 4
-3 3
659 1
2041 1
659 2
2082 1
+14 2
+2 3
+4 2
cfi=(50)
cfn=(160) _dl_load_cache_lookup
calls=1 187 
* 1406
* 1
+2 2
+4 2
+8 3
+23 6
cfn=(156) open_verify.constprop.0
calls=1 1466 
* 393
+4 2
-4 1
+4 1
+1 2
-89 4
+1 8
659 1
2057 1
659 2
2066 2
+1 2

fn=(150) _dl_dst_count
231 4
+3 2
-3 4
+7 2
-7 4
+3 2
cfi=(31)
cfn=(88)
calls=2 23 
* 72
+3 4
+20 14

fn=(154)
1779 8
+1 1
-1 6
+1 1
+6 2
+5 17
-7 1
1443 2
1791 1
-8 1
+8 2
+3 2
+9 6
+7 3
+1 1
-1 1
cfi=(20)
cfn=(78)
calls=1 114 
* 13
-12 1
+12 1
+55 2
-22 8
-32 27
+3 8
-3 8
+3 8
+4 56
cfi=(20)
cfn=(78)
calls=8 114 
* 109
* 32
cfi=(20)
cfn=(78)
calls=8 114 
* 104
+3 16
+3 24
+3 48
cfn=(156)
calls=8 1466 
* 424
* 8
+2 24
+2 16
+62 1
+27 9
-24 8
+7 2
-2 2
+2 2
+3 3
-95 16
+25 16
+1 56
+6 16
+2 24
-2 16
+2 8
cfi=(49)
cfn=(158)
calls=8 33 
* 109
* 8
+3 8
-3 16
+1 1
+2 1
-2 1
+2 23
-57 2

fn=(156)
1466 99
+39 27
+31 36
cfi=(39) /build/glibc-eX1tMB/glibc-2.31/io/../sysdeps/unix/sysv/linux/open64_nocancel.c
cfn=(124) __open_nocancel
calls=9 34 
* 195
* 9
+2 18
+11 2
+6 1
-6 1
+1 2
+5 5
cfi=(40)
cfn=(126)
calls=1 25 
* 6
+2 2
+2 3
+2 2
+6 2
+16 9
-65 8
1765 81
1583 7
+74 2
+5 2
+2 4
+6 2
+6 1
+1 1
-1 3
+1 1
-1 1
+1 2
+21 4
1543 2
1698 48
+1 24
+1 8
+4 8
+6 4
+1 32
+10 14
cfi=(53)
cfn=(170)
calls=2 29 
* 14
* 12
+8 18
+15 2
+6 3
-3 1
+1 1
+3 1
-3 2
+1 1
-1 1
-1 1
+4 2
1583 3
1761 2
cob=(2)
cfi=(18)
cfn=(92)
calls=1 0 
* 7
* 1
-29 18
+3 2
-4 2
+4 4
+5 1
+1 4
-60 15
+1 2
-1 1
+1 3
cfi=(53)
cfn=(170)
calls=1 29 
* 7
* 8

fn=(86)
378 14
234 2
378 2
234 2
378 2
234 2
cfi=(31)
cfn=(88)
calls=2 23 
* 114
+3 4
403 2
-11 2
+11 12
-11 2
cfi=(32) /build/glibc-eX1tMB/glibc-2.31/string/strdup.c
cfn=(90) strdup
calls=2 40 
* 206

fn=(82) fillin_rpath
447 7
+2 1
-2 9
+4 3
cfi=(19)
cfn=(84)
calls=1 262 
* 240
* 3
cfi=(19)
cfn=(84)
calls=1 262 
* 8
* 6
+7 2
+2 3
cfn=(86)
calls=1 -82 
* 120
* 1
+4 2
+5 2
cfi=(14)
cfn=(30)
calls=1 41 
* 17
* 1
+1 2
+7 5
+9 17
+1 8
+57 2
cob=(2)
cfi=(18)
cfn=(92)
calls=1 0 
* 7
* 1
-39 2
+4 8
cob=(2)
cfi=(18)
cfn=(44)
calls=1 0 
* 27
+2 3
+5 1
+1 2
-2 2
+2 1
cfi=(20)
cfn=(78)
calls=1 114 
* 13
+1 1
+2 1
-3 1
+1 1
+2 1
+6 4
+1 10
+1 4
-1 2
+1 4
-1 6
+3 1
+1 1
-1 1
+1 1
+8 1
-1 1
+4 3
-60 4
+23 2
+43 1
+3 9
-15 2

fn=(128)
866 20
+10 2
-10 2
+10 2
-10 6
+10 2
cfi=(33)
cfn=(96)
calls=2 46 
* 18
* 2
+7 8
+61 8
+10 4
+7 8
+33 4
877 2
997 14
cfi=(17)
cfn=(38)
calls=2 59 
* 861
* 2
+1 4
+11 4
+5 2
-5 2
+1 2
+5 2
-5 2
+1 2
+2 2
-2 2
+2 4
+1 6
+20 4
-2 2
+2 34
+8 2
-8 2
+8 2
-8 2
+8 6
+90 2
-96 2
+96 2
-97 2
-5 4
1132 4
-89 194
fi=(41) /build/glibc-eX1tMB/glibc-2.31/elf/../sysdeps/posix/dl-fileid.h
37 8
cfi=(42) /build/glibc-eX1tMB/glibc-2.31/io/../sysdeps/unix/sysv/linux/wordsize-64/fxstat.c
cfn=(132) _fxstat
calls=2 -4 
* 22
* 4
fe=(27)
901 4
fi=(41)
40 4
+1 2
fe=(27)
901 2
fi=(41)
40 2
fe=(27)
901 23
+1 10
fi=(41)
49 12
fe=(27)
1417 18
1018 9
-98 4
1066 40
+5 56
+8 8
+1 8
+1 8
-2 8
+1 16
+1 24
-1 8
+1 8
-1 16
+1 32
+3 8
-3 8
+1 16
+2 8
+4 16
+1 36
+5 12
-1 6
+1 6
-1 6
-14 6
+15 30
-52 36
+52 4
-1 2
+1 2
-1 2
-14 2
+15 10
-52 114
1157 4
1010 4
1170 4
+10 8
fi=(44) /build/glibc-eX1tMB/glibc-2.31/elf/./dl-map-segments.h
56 2
fe=(27)
1180 4
fi=(44)
56 4
fe=(27)
1180 6
fi=(44)
56 4
-6 2
+6 2
-6 2
+6 2
cfi=(43)
cfn=(136)
calls=2 -8 
* 40
* 2
+4 4
+3 4
+1 2
+2 2
-3 2
+1 2
+2 2
+7 10
cfi=(54)
cfn=(172)
calls=1 +5 
* 6
* 2
+7 2
+2 2
fi=(45) /build/glibc-eX1tMB/glibc-2.31/elf/./dl-load.h
+8 16
+1 6
+2 16
fi=(44)
+11 32
+6 2
+2 2
-2 2
+1 2
+2 4
-1 4
+3 4
+5 4
+3 4
+8 14
cfi=(30)
cfn=(80)
calls=2 -23 
* 314
+1 4
+5 4
+12 8
-59 40
+2 30
+2 48
cfi=(43)
cfn=(136)
calls=6 -46 
* 108
* 12
fe=(27)
1107 3
+4 1
+1 2
+1 1
+3 5
+1 1
+3 1
-3 1
+8 4
-65 2
+1 1
+88 20
cfi=(21)
cfn=(134)
calls=4 153 
* 309
* 16
1049 4
+5 4
+1 8
-37 5
+1 2
-1 1
+1 2
cfi=(53)
cfn=(170)
calls=1 29 
* 7
* 2
+24 28
1144 8
+2 2
-6 4
+1 2
+51 8
+9 6
fi=(3)
42 2
+6 2
-2 2
+2 4
+15 2
+5 2
+3 2
-2 2
-2 2
-3 4
-1 40
+1 24
-16 8
+26 8
-26 53
+26 37
-26 74
+2 90
+23 74
-8 10
+3 8
+3 8
+1 8
+9 4
+20 7
+1 8
+1 8
+1 8
+2 8
+5 8
+1 7
+1 8
+5 6
+5 4
+7 4
+1 6
+18 6
+5 2
+2 2
+2 2
+2 2
+3 6
+2 3
+1 2
+9 2
+5 2
+3 4
fe=(27)
1208 4
+2 4
+19 6
+19 4
+2 10
+48 6
+1 2
+3 2
cfi=(46) /build/glibc-eX1tMB/glibc-2.31/io/../sysdeps/unix/sysv/linux/close_nocancel.c
cfn=(144) __GI___close_nocancel
calls=1 25 
* 6
* 2
cfi=(46)
cfn=(144)
calls=1 25 
* 6
* 4
+9 4
+2 8
+2 4
+16 4
cfi=(6)
cfn=(10)
calls=2 961 
* 48
+4 4
+1 4
+17 4
+4 2
+5 2
-5 2
+5 2
+10 4
+9 4
+1 4
+5 1
cfi=(34)
cfn=(174)
calls=1 48 
* 7
* 1
+7 3
cfi=(17)
cfn=(50)
calls=1 31 
* 48
* 3
cfi=(17)
cfn=(50)
calls=1 31 
* 44
+4 6
fi=(45)
94 5
+2 1
-1 2
+1 1
-1 1
+1 1
-1 1
+1 1
-1 2
+3 4
fe=(27)
1354 2
fi=(44)
141 8
cfi=(43)
cfn=(136)
calls=1 -93 
* 18
+3 2
fe=(27)
1018 2
fi=(41)
49 2
fe=(27)

fn=(72)
681 2
+13 2
-13 8
+13 3
cfi=(28) /build/glibc-eX1tMB/glibc-2.31/elf/dl-hwcaps.c
cfn=(74) _dl_important_hwcaps
calls=1 42 
* 747
+5 1
-5 1
+5 1
cob=(2)
cfi=(18)
cfn=(44)
calls=1 0 
* 27
-1 1
+2 2
+7 2
+1 4
-1 3
+4 4
cob=(2)
cfi=(18)
cfn=(44)
calls=1 0 
* 27
* 2
+2 2
+7 1
+10 1
-2 2
+2 1
+3 2
+9 1
-7 1
+7 2
-3 1
-20 1
+12 1
+3 1
+8 1
-3 17
cfi=(30)
cfn=(80)
calls=4 108 
* 52
+3 18
-14 9
+14 3
-12 6
+4 3
+4 3
-7 3
+3 3
+1 3
-2 3
+5 3
+1 3
-4 3
+4 3
+14 1
-11 1
+6 1
+1 1
+5 2
+2 4
+2 3
+38 5
-19 1
-2 1
+2 2
+21 2
cfi=(14)
cfn=(30)
calls=1 41 
* 17
* 10
-7 2
+7 9
cfi=(20)
cfn=(48)
calls=1 127 
* 11
* 1
+5 4
-1 2
+2 56
-1 57
+5 1
cob=(2)
cfi=(18)
cfn=(44)
calls=1 0 
* 27
-1 1
+1 1
+1 2
+6 6
cfn=(82)
calls=1 447 
* 588
+3 3
+6 1
+4 8
-30 2

fn=(122)
1466 1
+70 1
-70 4
+70 1
-70 6
+70 1
cfi=(39)
cfn=(124)
calls=1 34 
* 19
* 1
+2 2
+11 2
+6 1
-6 1
+1 2
+5 5
cfi=(40)
cfn=(126)
calls=1 25 
* 6
+2 2
+2 3
+2 2
+6 2
+16 9
1761 2
cob=(2)
cfi=(18)
cfn=(92)
calls=1 0 
* 7
+4 9
1583 7
+74 2
+5 2
+2 4
+6 2
+6 1
+1 1
-1 3
+1 1
-1 1
+1 2
+1 2
+20 4
1543 2
1698 66
+1 28
+1 8
+4 8
+17 4
+8 12
+3 18
+3 2
-4 2
+4 4
+6 4
-36 6

fl=(28)
fn=(74)
42 6
+1 1
-1 5
+1 1
-1 1
+1 1
-1 1
+1 2
-1 1
+1 1
cfi=(8)
cfn=(26)
calls=1 368 
* 20
* 1
+2 1
+1 2
-1 1
+1 1
+9 1
-12 1
+12 4
+1 6
+1 1
-1 2
-1 12
+10 3
193 3
+2 1
+1 2
+1 4
+3 1
+1 1
-1 1
+4 2
+3 5
+4 7
+1 2
+2 2
+1 2
+1 2
-1 1
+1 1
-1 2
+9 2
+6 10
+1 2
-1 1
+1 2
cob=(2)
cfi=(18)
cfn=(44)
calls=1 0 
* 27
+1 4
-1 1
+1 1
+31 10
+3 4
+7 3
+10 9
-4 2
-3 1
+3 1
cfi=(20)
cfn=(78)
calls=1 114 
* 17
* 2
-3 1
+3 1
cfi=(20)
cfn=(78)
calls=1 114 
* 17
+3 2
-3 6
+3 4
+1 12
+1 5
cfi=(20)
cfn=(78)
calls=1 114 
* 15
* 2
-2 2
+5 6
cfi=(20)
cfn=(78)
calls=2 114 
* 30
* 4
+2 6
-7 3
+13 1
-1 1
+1 2
-1 2
+1 7
-1 7
+1 14
-1 18
+5 9
+4 4
-4 12
+4 44
+1 24
-1 24
+1 24
-1 24
-1 24
+4 9
+3 1
+2 2
-1 1
-1 1
+2 1
-2 1
+2 3
-1 1
+1 2
+2 6
+1 2
+3 2
-6 5
+13 7
+1 1
-1 2
+3 2
-3 3
+1 3
-1 6
+3 6
+3 3
+3 9
148 7
+1 1
-1 2
+37 3
+5 2
-5 1
+5 5
-4 10
fi=(29) /build/glibc-eX1tMB/glibc-2.31/elf/../sysdeps/x86/dl-hwcap.h
57 6
fe=(28)
188 1
+1 1
cfi=(14)
cfn=(30)
calls=1 41 
* 17
+1 5
-5 1
+4 1
+1 1
-5 5
-37 10
+37 2
316 1
+1 2
-6 6
-94 4
-2 3

fl=(43)
fn=(136)
48 11
+3 22
-3 44
+6 22
+5 66
+2 33
-7 8

fl=(102)
fn=(314) call_init.part.0
28 32
+8 4
-8 4
+11 4
-3 8
+3 12
+5 9
+5 4
+9 12
cob=(3)
cfi=(104)
cfn=(326)
calls=1 -6 
* 94
cob=(2)
cfi=(18)
cfn=(316)
calls=1 -58 
* 7
* 2
+4 4
+6 2
+2 4
-2 4
+3 10
+1 8
cob=(3)
cfi=(108)
cfn=(336)
calls=1 +11 
* 12
cob=(4) /usr/lib/x86_64-linux-gnu/valgrind/vgpreload_core-amd64-linux.so
cfi=(103) ???
cfn=(320) 0x0000000000001120
calls=1 -72 
* 12
* 4
cob=(3)
cfi=(109)
cfn=(338)
calls=1 488 
* 1691
-1 9
+3 24
-29 3
-5 3

fn=(312)
79 12
+1 1
+1 1
+3 3
+8 2
+25 1
+1 5
+1 2
-89 2
+89 6
-89 18
cfn=(314)
calls=3 -2 
* 1910
+88 12
+7 8
-95 3
cfn=(314)
calls=1 -2 
* 72
+57 2

fl=(50)
fn=(160)
187 10
+8 2
+3 3
+72 5
+11 1
-2 1
fi=(52) /build/glibc-eX1tMB/glibc-2.31/elf/../sysdeps/x86/dl-procinfo.h
39 2
+3 3
cfi=(22)
cfn=(58)
calls=1 +69 
* 25
* 4
fe=(50)
285 4
cfi=(8)
cfn=(26)
calls=1 +83 
* 20
* 2
+8 2
+15 129
cfn=(168) _dl_cache_libcmp
calls=10 141 
* 713
* 68
cfn=(168)
calls=1 141 
* 71
* 6
-14 1
-1 2
+1 2
-1 2
+15 22
+16 2
+4 2
+8 3
cfi=(14)
cfn=(30)
calls=1 41 
* 35
* 13
+1 2
-1 1
+1 1
cfi=(20)
cfn=(48)
calls=1 127 
* 11
* 1
+1 1
cfi=(32)
cfn=(90)
calls=1 40 
* 91
+1 8
-3 2
201 4
cfi=(38)
cfn=(162) _dl_sysdep_read_whole_file
calls=1 44 
* 99
* 1
+8 5
+1 8
+3 1
fi=(51) /build/glibc-eX1tMB/glibc-2.31/elf/../sysdeps/generic/dl-cache.h
-60 5
fe=(50)
320 7
218 1
+1 2

fn=(306)
348 1
+1 4
-1 1
+3 2
cfi=(54)
cfn=(308)
calls=1 78 
* 6
+1 1
+2 2

fn=(168)
141 11
+1 46
+2 216
+20 106
+2 106
+5 86
-1 43
+1 43
-29 86
+32 3
-28 2
+6 1
+2 1
-2 1
+1 2
-1 1
+2 3
+2 3
-3 1
+3 1
+2 2
+9 20

fl=(6)
fn=(212) check_match
75 1365
+3 210
+13 412
-13 412
+13 206
+3 374
cfi=(22)
cfn=(58)
calls=42 +17 
* 1907
* 84
+4 103
+1 206
+2 204
+19 204
+1 816
+39 103
+7 618
-18 2
+2 2
+1 1
-1 2
+1 3
-1 2
+16 12
-45 306
cfi=(22)
cfn=(58)
calls=102 -11 
* 3565
* 204
-44 8
+82 4

fn=(210) do_lookup_x
368 904
+1 113
-1 678
+48 113
+35 339
-65 113
-11 113
+41 113
-30 226
+65 226
-51 1041
+4 347
+4 347
-3 347
+3 694
+1 1041
+3 347
+1 694
+7 694
-3 694
-2 347
+5 1041
+3 2429
571 741
379 700
+3 700
+4 718
+4 694
+4 694
+88 206
fi=(61) /build/glibc-eX1tMB/glibc-2.31/elf/../sysdeps/generic/ldsodefs.h
126 309
fe=(6)
533 206
+3 776
+16 515
+2 206
427 318
-1 212
+2 212
+2 106
+6 318
-6 106
+6 954
+7 330
-10 1065
+3 105
-1 210
+1 210
-1 105
+2 210
-1 1260
cfn=(212)
calls=105 75 
* 11335
+4 319
574 10
+1 904
-35 36
-66 6
325 18
-31 721

fn=(208)
841 1130
582 113
841 452
582 339
-1 226
+2 113
-1 113
+1 339
-1 339
+1 1382
-1 1382
+1 4146
-1 4259
847 113
-4 113
+1 113
+7 113
-8 113
+1 113
+7 317
+3 565
+6 226
-7 678
+7 60
+1 1469
cfn=(210)
calls=113 368 
* 38536
* 442
+5 226
+24 824
+40 412
+14 309
+3 412
+5 103
+2 1017
-86 60
+17 10
+1 20
+59 2

fn=(10)
961 4
+3 12
+2 4
+2 8
+2 4
-1 4
+3 12
+1 4
+4 4
-3 4
+7 4
-7 4
+3 4
-1 4
+3 4
+2 4
-7 4
+7 4
+5 4

fl=(14)
fn=(30)
41 13
+38 13
+1 13
+1 13
+1 13
+1 13
+1 13
+1 13
+2 13
+2 13
+31 13
+1 13
+1 13
+1 13
+1 13
+1 7
+2 7
+4 6
+1 6
+1 6
+1 6
+1 6
+1 6
+1 6
+1 6
+1 6
+1 6
+1 6
+1 6
+5 42
+74 3
+1 3
+1 3
+1 3
+1 3
+1 3
+1 3
+1 3
+16 3
+2 3
+1 42
+2 3
+1 3
+1 3
+2 3

fl=(142)
fn=(470)
67 2
+5 2
+3 2
+2 2
+10 2
+6 2
+1 2
+1 2
+1 2
+1 2
+1 2
+1 2
+4 2
+1 2
+3 2
+1 2
+2 2
+1 2
+1 2
+1 2
+1 2
+1 2
+2 2
+7 2
+1 2
+1 2
cfi=(143)
cfn=(472)
calls=2 -60 
* 1497
+1 2
+5 2
+1 2
+1 2
+2 2
+1 2
+1 2
+1 2
+1 2
+1 2
+1 2
+2 2
+2 2
+4 2
+3 2

fl=(32)
fn=(90)
40 15
+1 3
cfi=(14)
cfn=(30)
calls=3 * 
* 113
* 3
+1 6
cob=(2)
cfi=(18)
cfn=(44)
calls=3 -42 
* 81
+2 6
+4 3
-1 9
+1 6
-1 3
cfi=(20)
cfn=(48)
calls=3 +80 
* 49

fl=(46)
fn=(144)
25 3
+1 12
+1 3

fl=(15)
fn=(32)
32 5
+8 6
+4 2
+16 5

fl=(31)
fn=(88)
23 6
+1 6
+1 6
+1 6
+1 6
+1 6
+1 6
+1 6
+1 6
+1 6
+1 6
+1 6
+1 6
+1 6
+1 6
+1 6
+1 6
+1 6
+1 4
+4 4
+1 4
+1 4
+1 4
+2 4
+4 2
+1 2
+1 2
+1 2
+1 2
+1 2
+1 2
+1 2
+1 2
+1 2
+1 2
+1 2
+1 2
+1 2
+1 2
+1 2
+1 2
+1 2
+1 2
+1 2
+1 2
+1 2
+1 2
+1 4
+5 1
+1 1
+3 1
+1 1
+1 1
+1 1
+1 1
+1 1
+1 1
+1 1
+1 1
+1 1
+1 1
+1 1
+1 1
+1 1
+1 1
+1 1
+1 1
+1 1
+2 1
+1 1
+2 1
+1 1
+1 1
+1 1
+1 1
+1 1
+1 1
+1 1
+2 1
+1 1
+1 1
+1 1
+1 1
+1 1
+1 1
+1 1
+1 1
+1 1
+3 1
+4 1
+1 1
+1 1
+1 1
+2 1
-9 1
+4 1
+1 1
+1 1
+1 1
+2 1

fl=(48)
fn=(152) openaux
61 6
+7 2
-4 4
+1 2
-1 16
cfi=(27)
cfn=(118)
calls=2 1927 
* 6477
* 2
+5 4

fn=(148)
159 2
+1 3
-1 2
+1 1
-1 1
+1 1
-1 5
+1 3
-1 1
+1 1
-1 1
+1 7
-15 1
+15 2
-8 1
-6 1
-1 1
+15 1
-16 1
+8 3
-6 1
+6 1
+24 3
-28 3
-2 1
+31 1
-33 2
+2 5
-1 4
+7 4
+24 7
+4 1
fi=(56) /build/glibc-eX1tMB/glibc-2.31/elf/../include/scratch_buffer.h
77 3
fe=(48)
198 1
fi=(56)
78 1
fe=(48)
200 2
+87 1
-89 1
+4 1
+7 1
+4 4
-4 3
+4 12
+11 12
-18 2
+18 4
433 12
+2 2
+3 2
-3 4
+3 4
cob=(2)
cfi=(18)
cfn=(44)
calls=2 0 
* 54
* 2
+1 4
+6 2
+1 10
cfi=(20)
cfn=(48)
calls=2 127 
* 22
+1 10
cfi=(20)
cfn=(48)
calls=2 127 
* 22
+4 2
-1 2
+5 16
202 9
458 9
-1 4
+1 8
199 3
+27 2
+11 2
-5 2
-6 4
+5 2
+2 4
+1 4
+3 8
+66 2
-97 2
+97 2
-66 2
+66 4
-65 6
+6 8
cfi=(27)
cfn=(150)
calls=2 -13 
* 108
* 6
+4 6
-2 2
+2 2
cob=(2)
cfi=(18)
cfn=(110)
calls=2 0 
* 6635
+1 4
+9 2
+2 4
+5 10
+6 2
+2 2
-8 4
+3 2
+1 2
+1 2
+1 2
+4 10
+4 6
+1 3
-43 204
+1 98
+44 147
-38 4
fi=(56)
85 3
fe=(48)
464 6
+1 1
+3 5
+11 4
cob=(2)
cfi=(18)
cfn=(44)
calls=1 0 
* 27
* 1
+2 2
+5 6
+1 1
+2 4
+2 1
+4 3
+4 2
-10 3
+2 3
+4 9
+4 6
-10 9
+13 2
+51 3
+2 1
-1 1
+1 2
+35 5
cfi=(20)
cfn=(48)
calls=1 127 
* 11
+4 5
cfi=(57) /build/glibc-eX1tMB/glibc-2.31/elf/dl-sort-maps.c
cfn=(180) _dl_sort_maps
calls=1 28 
* 236
+3 1
+2 1
+1 1
-1 1
+2 2
+7 3
+3 3
+3 8
214 25
+3 2
fi=(56)
-86 6
cfi=(55)
cfn=(176)
calls=2 30 
* 36
fe=(48)
+86 4
+4 6
-61 2
380 6

fl=(53)
fn=(170)
29 12
+1 24
+1 6

fl=(198)
fn=(744)
30 9
+20 3
-3 6
+3 4
+3 2
cfi=(2)
cfn=(52)
calls=1 801 
* 3
+2 1
+3 2
+2 6
+8 2
-3 1
+3 15
+5 2
+2 8
+2 8
+2 8
+1 4
+1 4
+4 4
-12 12
+14 6
+1 4
+6 3
cfi=(57)
cfn=(180)
calls=1 -66 
* 257
+10 2
cfi=(2)
cfn=(54)
calls=1 807 
* 3
+5 6
+2 1
+2 3
-2 3
+2 9
+3 8
+3 12
+4 4
+11 2
+1 2
-1 2
+2 2
-2 2
+2 2
-2 2
+3 10
+1 2
cob=(4)
cfi=(103)
cfn=(772) 0x00000000000010e0
calls=1 0 
* 95
cob=(5)
cfi=(111)
cfn=(746)
calls=1 0 
* 95
-1 10
+5 4
+1 6
cob=(2)
cfi=(18)
cfn=(788)
calls=1 0 
* 4
cob=(2)
cfi=(18)
cfn=(770)
calls=1 0 
* 4
+6 24
+19 4
-59 14
+11 6
-26 7
+80 6
+6 2
+7 8

fl=(17)
fn=(38)
59 33
+3 3
-3 6
+3 6
+15 8
cfi=(14)
cfn=(30)
calls=2 -36 
* 78
* 10
+12 8
cob=(2)
cfi=(18)
cfn=(40)
calls=2 -89 
* 115
* 4
cob=(2)
cfi=(18)
cfn=(40)
calls=1 -89 
* 45
* 3
+3 6
+4 3
+5 3
-6 3
+6 3
-5 3
+5 3
-5 3
+5 3
-1 3
+1 3
-1 3
+1 3
cfi=(20)
cfn=(48)
calls=3 +26 
* 52
* 3
+15 6
-15 3
+15 3
-13 3
+13 10
+6 1
+2 7
+3 2
-3 14
+3 4
+2 3
+4 3
+3 14
+2 1
-2 3
+2 15
-2 45
+16 6
-5 3
+5 3
-6 3
+6 3
-6 3
+6 6
+2 4
+3 4
-3 4
+7 8
+4 4
+2 1
+6 1
+3 1
+10 2
-10 1
+10 1
-10 2
+10 4
-10 2
+10 2
+2 2
+21 2
-21 2
cfi=(14)
cfn=(30)
calls=2 41 
* 96
+4 2
-4 6
+17 2
-13 6
+50 6
cfi=(20)
cfn=(78)
calls=2 114 
* 42
* 2
+5 4
+1 4
-1 80
+1 80
+2 4
+3 2
+3 2
+4 27
128 6
+37 6
-15 1
+7 4
-21 4
+60 4
cob=(2)
cfi=(18)
cfn=(44)
calls=2 0 
* 54
* 2
+1 8
64 2
+1 6
+9 1
-5 2

fn=(50)
31 6
+2 3
-2 6
+2 3
-2 6
+2 3
cfi=(2)
cfn=(52)
calls=3 801 
* 9
+2 20
+3 20
+2 2
+2 2
+4 2
+4 2
+1 2
-5 4
+1 4
+1 2
+3 2
-3 2
+3 2
-1 2
cfi=(2)
cfn=(54)
calls=2 807 
* 6
-4 1
+4 1
+1 1
-5 2
+1 2
+1 1
+3 1
-3 1
+3 1
-1 1
cfi=(2)
cfn=(54)
calls=1 807 
* 3
-5 2

fl=(10)
fn=(68)
46 5
+2 3
+85 5
-45 2
cfi=(26)
cfn=(70)
calls=1 -10 
* 6
+15 1
-15 2
+20 1
-1 1
+3 12
+4 3
-2 6
+2 9
+7 3
-1 3
+4 3
-2 3
+2 10
+5 2

fl=(36)
fn=(108)
225 10
+2 2
cob=(2)
cfi=(18)
cfn=(110)
calls=1 0 
* 2830
+1 2
+1 1
+1 1
-1 1
+1 1
+2 5

fn=(182)
238 6
+1 1
+1 1
+3 1
+1 1
+2 1
cfi=(2)
cfn=(184)
calls=1 639 
* 3242
+2 1
+1 1
+1 4

fn=(112)
175 24
+3 6
+22 3
-1 3
+7 6
-6 3
+3 6
+3 3
cfi=(37)
cfn=(114)
calls=3 30 
* 72
* 12
+2 9
cfi=(48)
cfn=(152)
calls=2 61 
* 6513
cfi=(2)
cfn=(116)
calls=1 606 
* 2769
+2 3
-1 3
+1 3
-1 3
+1 6
+9 12

fl=(39)
fn=(124)
34 11
+3 11
-3 33
+3 66
+8 77
+2 3
-2 24
+2 8

fl=(58)
fn=(186)
362 6
+4 5
-2 2
+4 24
cfn=(188) _dl_check_map_versions
calls=4 156 
* 3159
-2 4
+2 16
-2 8
+5 7

fn=(188)
156 32
+15 4
-15 8
+15 8
+2 4
+3 8
-3 4
+2 4
+1 4
-1 4
+3 8
+3 4
-16 2
-8 2
+28 2
-4 2
+4 12
+16 2
37 4
201 2
37 10
+1 5
-1 10
+2 21
cfi=(38)
cfn=(120)
calls=7 282 
* 786
* 14
209 6
+5 2
-71 4
+71 4
-71 6
+79 2
-2 2
-2 4
+4 2
-4 12
+4 4
-2 4
-2 8
+4 4
-4 44
57 12
+8 12
-8 6
+8 6
+6 18
+16 6
+1 12
+2 6
+5 42
+14 72
+12 90
+4 30
-30 60
225 24
+3 18
+5 4
-11 4
111 6
+3 24
cfi=(22)
cfn=(58)
calls=6 -3 
* 287
* 26
237 8
-27 2
+41 8
+3 8
+10 35
-7 140
+3 105
-3 8
+3 6
+8 6
+89 36
165 2
+86 2
-94 2
+94 3
+23 12
cob=(2)
cfi=(18)
cfn=(40)
calls=3 0 
* 114
-1 3
+1 3
+1 6
+13 3
-3 3
+3 6
+2 9
+3 8
+4 6
+7 6
+1 6
-1 12
+1 6
-1 6
+1 6
+1 6
-2 6
+2 12
+1 18
+3 18
+5 4
-15 4
+2 4
-2 4
+2 4
-2 4
+2 8
-2 2
+2 2
-2 2
+2 2
-2 2
+2 4
+16 6
+10 9
+3 8
+4 35
+6 35
+1 35
+1 35
-1 105
+1 35
-1 35
+1 35
+1 35
+3 105
+4 35
-14 74
+10 6

fl=(60)
fn=(200)
148 44
+15 4
-15 8
+15 4
+1 20
+6 8
+6 20
-18 6
+22 6
+7 16
+40 4
fi=(5)
76 4
fe=(60)
227 8
fi=(5)
76 12
+6 4
+4 6
+14 2
-8 2
+8 4
+20 4
+11 8
fe=(60)
255 144
-96 2
fi=(5)
481 6
fe=(60)
159 4
+96 2
fi=(4)
48 2
fe=(60)
255 2
fi=(4)
47 2
+11 2
-11 4
+11 4
fe=(60)
255 2
-96 2
fi=(5)
481 6
fe=(60)
159 4
+96 2
fi=(4)
48 2
fe=(60)
255 2
fi=(4)
47 2
+11 2
-11 4
+11 4
fe=(60)
255 4
fi=(4)
48 4
fe=(60)
255 4
fi=(4)
47 4
+11 4
-11 8
+11 8
-7 2
-1 4
+11 4
fi=(5)
552 16
+4 16
+3 24
+1 8
fi=(4)
61 141
+2 192
+2 121
-4 3
+13 4
+1 7
+1 80
fi=(5)
552 40
+25 80
+2 40
cob=(3)
cfi=(101)
cfn=(298)
calls=1 31 
* 6
cob=(3)
cfi=(100)
cfn=(296)
calls=1 31 
* 10
cob=(3)
cfi=(98)
cfn=(292)
calls=1 29 
* 13
cob=(3)
cfi=(97)
cfn=(290)
calls=1 33 
* 9
cob=(3)
cfi=(96)
cfn=(288)
calls=1 31 
* 9
cob=(3)
cfi=(95)
cfn=(286)
calls=1 29 
* 7
cob=(3)
cfi=(94)
cfn=(284)
calls=1 29 
* 10
cob=(3)
cfi=(93)
cfn=(282)
calls=1 29 
* 10
cob=(3)
cfi=(92)
cfn=(280)
calls=1 31 
* 6
cob=(3)
cfi=(91)
cfn=(278)
calls=1 29 
* 10
cob=(3)
cfi=(90)
cfn=(276)
calls=1 29 
* 10
cob=(3)
cfi=(89)
cfn=(274)
calls=1 49 
* 9
cob=(3)
cfi=(88)
cfn=(272)
calls=1 29 
* 7
cob=(3)
cfi=(87)
cfn=(270)
calls=1 43 
* 7
cob=(3)
cfi=(85)
cfn=(266)
calls=2 31 
* 34
cob=(3)
cfi=(84)
cfn=(264)
calls=1 49 
* 9
cob=(3)
cfi=(83)
cfn=(260)
calls=1 29 
* 17
cob=(3)
cfi=(82)
cfn=(258)
calls=1 29 
* 9
cob=(3)
cfi=(81)
cfn=(256)
calls=1 31 
* 6
cob=(3)
cfi=(80)
cfn=(254)
calls=1 29 
* 7
cob=(3)
cfi=(79)
cfn=(252)
calls=2 31 
* 20
cob=(3)
cfi=(78)
cfn=(250)
calls=2 31 
* 20
cob=(3)
cfi=(76)
cfn=(246)
calls=1 29 
* 19
cob=(3)
cfi=(75)
cfn=(244)
calls=1 53 
* 9
cob=(3)
cfi=(74)
cfn=(242)
calls=1 54 
* 9
cob=(3)
cfi=(72)
cfn=(238)
calls=1 29 
* 13
cob=(3)
cfi=(71)
cfn=(234)
calls=1 33 
* 17
cob=(3)
cfi=(70)
cfn=(232)
calls=1 30 
* 10
cob=(3)
cfi=(69)
cfn=(230)
calls=2 31 
* 20
cob=(3)
cfi=(68)
cfn=(228)
calls=1 31 
* 10
cob=(3)
cfi=(67)
cfn=(226)
calls=1 28 
* 10
cob=(3)
cfi=(66)
cfn=(224)
calls=1 29 
* 9
cob=(3)
cfi=(65)
cfn=(222)
calls=1 31 
* 6
cob=(3)
cfi=(64)
cfn=(220)
calls=1 29 
* 9
cob=(3)
cfi=(62)
cfn=(216)
calls=2 29 
* 34
-27 40
+28 40
fi=(4)
75 121
fe=(60)
255 32
+3 16
+24 4
+3 8
+17 12
+2 32
177 8
+3 3
fi=(4)
-96 6
-1 6
+3 6
-3 6
+3 6
+12 6
-12 6
+12 12
+10 8
+10 9
+3 10
+3 10
-73 3
-1 3
fi=(5)
491 9
fi=(4)
127 504
+9 252
+1 126
-1 252
+1 126
+2 126
-2 126
+2 252
-1 252
fi=(5)
276 252
+21 252
+4 252
+7 504
fi=(61)
126 327
fi=(5)
308 1940
fi=(4)
138 103
fi=(5)
308 103
fi=(4)
138 103
fi=(5)
308 103
fi=(4)
138 103
fi=(5)
308 206
fi=(4)
138 3
fi=(5)
308 3
fi=(4)
138 3
fi=(5)
308 3
fi=(4)
138 3
fi=(5)
308 1278
cfi=(6)
cfn=(208)
calls=106 841 
* 56828
* 636
+1 327
+24 752
457 318
+1 106
fi=(4)
124 378
+19 15
fi=(5)
429 51
+4 68
+5 17
+9 17
-9 34
+9 34
+50 9
+4 18
cfi=(20)
cfn=(48)
calls=3 127 
* 33
+2 9
+1 3
fi=(4)
111 11
+1 3
fi=(5)
536 3
fi=(4)
112 3
fi=(5)
536 6
fi=(4)
112 1232
fi=(5)
536 1232
fi=(4)
112 1232
fi=(5)
536 2464
+5 2470
+1 1235
fi=(4)
111 1235
fi=(5)
542 2470
fi=(4)
111 2470
+7 9
-67 1
160 5
+2 20
+9 15
-1 30
fi=(5)
276 10
+21 10
+4 10
+7 20
fi=(61)
126 15
fi=(5)
308 165
cfi=(6)
cfn=(208)
calls=5 841 
* 2534
* 35
+1 15
+24 64
-24 171
+3 120
-3 120
+3 240
+2 10
+3 4
+1 6
+1 4
+4 2
+7 2
cob=(3)
cfi=(75)
cfn=(244)
calls=1 53 
* 9
cob=(3)
cfi=(82)
cfn=(258)
calls=1 29 
* 9
* 4
+3 4
-25 84
+1 412
fe=(60)
+1 20
+3 4
-3 4
+3 4
+4 8
+1 16
cfi=(54)
cfn=(172)
calls=4 78 
* 24
* 8
fi=(5)
124 8
-2 4
fe=(60)
255 6
fi=(5)
+53 39
457 15
+1 5
fi=(4)
160 16
+14 3
fi=(5)
309 1
+3 1
-3 1
+3 2
-3 4
-1 120
fe=(60)

fl=(57)
fn=(180)
28 26
+2 4
+4 38
+1 6
-1 2
+1 4
cfi=(30)
cfn=(80)
calls=2 +73 
* 32
* 16
-2 8
+6 8
+3 2
-3 4
+1 6
+2 2
-3 16
+3 4
-3 8
+1 12
+2 4
+12 24
+2 12
+1 8
-1 6
+1 4
+33 12
-36 24
+61 30
+7 16
-63 18
+1 12
+58 24
cfi=(30)
cfn=(80)
calls=4 -10 
* 68
* 12
-28 9
-44 12

fl=(42)
fn=(132)
33 12
+1 6
+1 12
+4 3

fl=(144) /build/glibc-eX1tMB/glibc-2.31/elf/dl-open.c
fn=(476) _dl_find_dso_for_object
201 9
+4 3
+1 4
+1 12
+1 2
-2 6
+5 2
+4 7

fl=(22)
fn=(58)
111 186
+33 186
+1 186
+2 186
+1 186
+21 186
+1 186
+1 155
+1 155
+1 127
+1 127
+1 127
+1 127
+21 127
+1 127
+1 127
+1 127
+1 127
+1 127
+1 127
+5 6
+1 18
+9 6
+1 6
+1 6
+1 6
+1 6
+1 6
+1 6
+1 6
-7 59
+1 59
+1 59
+1 59
+1 59
+1 59
+1 59
+1 59
+1 62
+1 32
+1 32
+1 32
+2 32
+1 32
+1 32
+1 32
+1 32
+1 32
-5 30
+1 30
+1 30
+1 30
+1 30
+1 30
+10 3
+1 3
+1 3
+2 3
+6 3
+1 3
+1 3
+1 3
+1 3
+5 3
+2 2
+1 2
+1 4
+8 2
+1 2
+3 2
+1 2
+1 2
+1 2
+1 2
+1 2
571 1
+1 1
+1 1
+1 1
+1 1
+2 1
+1 1
+1 1
+1 1
+1 1
+1 1
+1 1
+1 1
+4 1
+1 1
+1 1
+6 1
+1 1
+1 2
+4 1
+1 1
+3 1
+1 1
+1 1
+3 1
+1 1
+1 1
+6 1
+1 1
+1 1
+1 1
+1 1
+1 1
821 1
+1 1
+1 1
+1 1
+1 1
+2 1
+1 1
+1 1
+1 1
+1 1
+1 1
+1 1
+1 1
+4 1
+1 1
+1 1
+6 1
+1 1
+1 2
+4 1
+1 1
+3 1
+1 1
+1 1
+3 1
+1 1
+1 1
+6 1
+1 1
+1 1
+1 1
+1 1
+1 1
1071 10
+1 10
+1 10
+1 10
+1 10
+2 10
+1 10
+1 10
+1 10
+1 10
+1 10
+1 10
+1 1
+4 1
+1 1
+1 1
+6 1
+1 1
+1 2
+4 1
+1 1
+3 1
+1 1
+1 1
+3 1
+1 1
+1 1
+6 1
+1 1
+1 1
+1 1
+1 1
+1 1
+72 25
+1 25
+1 25
+1 25
+1 25
+2 25
+1 25
+1 25
+1 25
+1 25
+1 25
+1 25
+1 23
+4 23
+1 23
+1 23
+6 23
+1 23
+1 46
+4 23
+1 23
+3 23
+1 23
+1 23
+3 23
+1 23
+1 23
+6 23
+1 23
+1 23
+1 23
+1 23
+1 23
+72 3
+1 3
+1 3
+1 3
+1 3
+2 3
+1 3
+1 3
+1 3
+1 3
+1 3
+1 3
+1 2
+4 2
+1 2
+1 2
+6 2
+1 2
+1 4
+4 2
+1 2
+3 2
+1 2
+1 2
+3 2
+1 2
+1 2
+6 2
+1 2
+1 2
+1 2
+1 2
+1 2
+72 9
+1 9
+1 9
+1 9
+1 9
+2 9
+1 9
+1 9
+1 9
+1 9
+1 9
+1 9
+1 7
+4 7
+1 7
+1 7
+6 7
+1 7
+1 14
+4 7
+1 7
+3 7
+1 7
+1 7
+3 7
+1 7
+1 7
+6 7
+1 7
+1 7
+1 7
+1 7
+1 7
+72 4
+1 4
+1 4
+1 4
+1 4
+2 4
+1 4
+1 4
+1 4
+1 4
+1 4
+1 4
+1 1
+4 1
+1 1
+1 1
+6 1
+1 1
+1 2
+4 1
+1 1
+3 1
+1 1
+1 1
+3 1
+1 1
+1 1
+6 1
+1 1
+1 1
+1 1
+1 1
+1 1
+72 1
+1 1
+1 1
+1 1
+1 1
+2 1
+1 1
+1 1
+1 1
+1 1
+1 1
+1 1
+1 1
+4 1
+1 1
+1 1
+6 1
+1 1
+1 2
+4 1
+1 1
+3 1
+1 1
+1 1
+3 1
+1 1
+1 1
+6 1
+1 1
+1 1
+1 1
+1 1
+1 1
+7 1
+1 1
+2 1
+1 1
+2 1
+1 1
+1 1
+3 1
+1 1
+1 1
+6 1
+1 1
+1 1
+1 1
+1 1
+1 1
+41 1
+1 1
+1 1
+1 1
+1 1
+2 1
+1 1
+1 1
+1 1
+1 1
+1 1
+1 1
+1 1
+4 1
+1 1
+1 1
+6 1
+1 1
+1 2
+4 1
+1 1
+3 1
+1 1
+1 1
+3 1
+1 1
+1 1
+6 1
+1 1
+1 1
+1 1
+1 1
+1 1
+7 1
+1 1
+2 1
+1 1
+2 1
+1 1
+1 1
+3 1
+1 1
+1 1
+6 1
+1 1
+1 1
+1 1
+1 1
+1 1
+41 2
+1 2
+1 2
+1 2
+1 2
+2 2
+1 2
+1 2
+1 2
+1 2
+1 2
+1 2
+1 2
+4 2
+1 2
+1 2
+6 2
+1 2
+1 4
+4 2
+1 2
+3 2
+1 2
+1 2
+3 2
+1 2
+1 2
+6 2
+1 2
+1 2
+1 2
+1 2
+1 2
+72 5
+1 5
+1 5
+1 5
+1 5
+2 5
+1 5
+1 5
+1 5
+1 5
+1 5
+1 5
+2 1
+4 1
+1 1
+1 1
+6 1
+1 1
+2 2
+4 1
+1 1
+3 1
+1 1
+1 1
+3 1
+1 1
+1 1
+6 1
+1 1
+1 1
+1 1
+1 1
+1 1
+74 43
+2 43
+1 43
+1 43
+1 43
-3 22
+1 22
+1 22
+1 22
+1 64
+5 32
+6 32
+1 32
+8 32
+1 32
-16 154
+6 154
+1 154
+8 154
+1 154

fl=(11)
fn=(20)
28 1
+3 5
+2 2
+6 1
+1 1

fl=(16)
fn=(36)
28 3
+1 3
+3 75
+13 65
-13 130
+2 134
+1 22
+5 2
-3 2
+3 2
+2 2
+7 1

fl=(38)
fn=(162)
44 2
+3 1
-3 6
+3 1
-3 1
+3 1
cfi=(39)
cfn=(124)
calls=1 -13 
* 19
+1 2
+23 7
-21 5
cfi=(42)
cfn=(132)
calls=1 -17 
* 11
* 2
+2 2
+3 2
+13 2
cfi=(46)
cfn=(144)
calls=1 -43 
* 6
* 1
-11 6
cfi=(43)
cfn=(136)
calls=1 -9 
* 20
* 2

fn=(120)
282 84
+1 28
cfi=(22)
cfn=(58)
calls=14 111 
* 500
* 14
+1 14
-1 28
+3 14
+2 28
+4 15
-4 30
+1 54
cfi=(22)
cfn=(58)
calls=18 111 
* 728
* 36
-5 3
+11 23
-1 11
+1 33

ob=(4)
fl=(103)
fn=(782) 0x0000000000001070
0 5

fn=(320)
0 12

fn=(772)
0 9
cob=(2)
cfi=(18)
cfn=(778)
calls=1 0 
0 77
0 1
cfn=(782)
calls=1 0 
0 5
0 3

totals: 1203618109
